TN:
SF:src\app.ts
FN:1,(empty-report)
FNF:1
FNH:0
FNDA:0,(empty-report)
DA:1,0
DA:24,0
DA:25,0
DA:26,0
DA:28,0
DA:29,0
DA:30,0
DA:31,0
DA:32,0
DA:34,0
DA:35,0
DA:37,0
DA:40,0
DA:43,0
DA:46,0
DA:47,0
DA:48,0
DA:49,0
DA:50,0
DA:52,0
DA:53,0
DA:54,0
DA:55,0
DA:57,0
DA:58,0
DA:59,0
DA:60,0
DA:61,0
DA:62,0
DA:63,0
DA:64,0
DA:66,0
DA:67,0
DA:68,0
DA:69,0
DA:72,0
DA:73,0
DA:74,0
DA:77,0
DA:78,0
DA:79,0
DA:82,0
DA:86,0
DA:87,0
DA:88,0
DA:89,0
DA:90,0
DA:91,0
DA:92,0
DA:93,0
DA:94,0
DA:95,0
DA:96,0
DA:97,0
DA:98,0
DA:99,0
DA:100,0
DA:101,0
DA:102,0
DA:103,0
DA:104,0
DA:105,0
DA:106,0
DA:107,0
DA:108,0
DA:109,0
DA:110,0
DA:113,0
DA:114,0
DA:115,0
DA:116,0
DA:117,0
DA:118,0
DA:119,0
DA:120,0
DA:121,0
DA:122,0
DA:123,0
DA:124,0
DA:125,0
DA:128,0
DA:129,0
DA:130,0
DA:131,0
DA:132,0
DA:134,0
DA:136,0
DA:137,0
DA:138,0
DA:139,0
DA:142,0
DA:144,0
DA:145,0
DA:146,0
DA:147,0
DA:148,0
DA:149,0
DA:150,0
DA:151,0
DA:152,0
DA:153,0
DA:155,0
DA:156,0
DA:157,0
DA:158,0
DA:160,0
DA:161,0
DA:162,0
DA:163,0
DA:164,0
DA:165,0
DA:166,0
DA:167,0
DA:168,0
DA:169,0
DA:170,0
DA:171,0
DA:172,0
DA:173,0
DA:175,0
DA:176,0
LF:121
LH:0
BRDA:1,0,0,0
BRF:1
BRH:0
end_of_record
TN:
SF:src\config.ts
FN:146,findConfigPath
FN:164,loadConfig
FN:180,watchConfig
FN:186,handler
FNF:4
FNH:4
FNDA:2,findConfigPath
FNDA:1,loadConfig
FNDA:1,watchConfig
FNDA:1,handler
DA:1,1
DA:139,1
DA:146,2
DA:147,2
DA:148,2
DA:149,2
DA:150,2
DA:151,2
DA:152,2
DA:154,0
DA:155,2
DA:156,0
DA:157,0
DA:164,1
DA:165,1
DA:166,1
DA:167,0
DA:168,0
DA:169,1
DA:170,1
DA:171,1
DA:180,1
DA:181,1
DA:182,1
DA:183,1
DA:184,1
DA:185,1
DA:186,1
DA:187,1
DA:188,1
DA:189,1
DA:190,1
DA:191,1
DA:192,0
DA:193,0
DA:194,1
DA:195,1
DA:196,1
DA:197,1
LF:39
LH:32
BRDA:146,0,0,2
BRDA:147,1,0,0
BRDA:152,2,0,0
BRDA:155,3,0,0
BRDA:164,4,0,1
BRDA:165,5,0,0
BRDA:166,6,0,0
BRDA:180,7,0,1
BRDA:186,8,0,1
BRDA:191,9,0,0
BRDA:196,10,0,1
BRF:11
BRH:5
end_of_record
TN:
SF:src\logger.ts
FN:15,setLogLevel
FN:19,getLogLevel
FN:23,shouldLog
FN:27,format
FN:46,error
FN:49,warn
FN:52,info
FN:55,debug
FN:58,trace
FNF:9
FNH:8
FNDA:5,setLogLevel
FNDA:1,getLogLevel
FNDA:12,shouldLog
FNDA:11,format
FNDA:1,error
FNDA:0,warn
FNDA:7,info
FNDA:3,debug
FNDA:1,trace
DA:1,1
DA:5,1
DA:6,1
DA:7,1
DA:8,1
DA:9,1
DA:10,1
DA:11,1
DA:13,1
DA:15,1
DA:16,5
DA:17,5
DA:19,1
DA:20,1
DA:21,1
DA:23,12
DA:24,12
DA:25,12
DA:27,11
DA:28,11
DA:29,11
DA:30,11
DA:31,11
DA:32,11
DA:33,1
DA:34,11
DA:35,0
DA:36,11
DA:37,7
DA:38,11
DA:39,2
DA:40,11
DA:41,1
DA:42,11
DA:43,11
DA:45,1
DA:46,1
DA:47,1
DA:48,1
DA:49,1
DA:50,0
DA:51,0
DA:52,1
DA:53,7
DA:54,7
DA:55,1
DA:56,3
DA:57,3
DA:58,1
DA:59,1
DA:60,1
DA:61,1
LF:52
LH:49
BRDA:13,0,0,0
BRDA:15,1,0,5
BRDA:19,2,0,1
BRDA:23,3,0,12
BRDA:27,4,0,11
BRDA:32,5,0,1
BRDA:34,6,0,0
BRDA:36,7,0,7
BRDA:38,8,0,2
BRDA:40,9,0,1
BRDA:46,10,0,1
BRDA:52,11,0,7
BRDA:55,12,0,3
BRDA:56,13,0,2
BRDA:58,14,0,1
BRF:15
BRH:13
end_of_record
TN:
SF:src\router.ts
FN:1,(empty-report)
FNF:1
FNH:0
FNDA:0,(empty-report)
DA:1,0
DA:23,0
DA:24,0
DA:25,0
DA:26,0
DA:27,0
DA:28,0
DA:29,0
DA:30,0
DA:32,0
DA:37,0
DA:38,0
DA:39,0
DA:40,0
DA:41,0
DA:42,0
DA:47,0
DA:54,0
DA:55,0
DA:56,0
DA:57,0
DA:67,0
DA:68,0
DA:69,0
DA:72,0
DA:73,0
DA:74,0
DA:77,0
DA:78,0
DA:79,0
DA:82,0
DA:83,0
DA:84,0
DA:90,0
DA:91,0
DA:92,0
DA:93,0
DA:94,0
DA:95,0
DA:96,0
DA:97,0
DA:98,0
DA:99,0
DA:100,0
DA:101,0
DA:102,0
DA:103,0
DA:104,0
DA:105,0
DA:106,0
DA:107,0
DA:108,0
DA:111,0
DA:112,0
DA:113,0
DA:114,0
DA:115,0
DA:116,0
DA:119,0
DA:120,0
DA:121,0
DA:122,0
DA:123,0
DA:124,0
DA:125,0
DA:132,0
DA:133,0
DA:134,0
DA:135,0
DA:136,0
DA:137,0
DA:138,0
DA:139,0
DA:140,0
DA:141,0
DA:142,0
DA:143,0
DA:144,0
DA:145,0
DA:146,0
DA:147,0
DA:148,0
DA:149,0
DA:150,0
DA:153,0
DA:154,0
DA:155,0
DA:156,0
DA:157,0
DA:159,0
DA:160,0
DA:161,0
DA:162,0
DA:163,0
DA:166,0
DA:167,0
DA:168,0
DA:169,0
DA:170,0
DA:171,0
DA:172,0
DA:173,0
DA:174,0
DA:180,0
DA:181,0
DA:182,0
DA:184,0
DA:187,0
DA:190,0
DA:191,0
DA:192,0
DA:193,0
DA:194,0
DA:195,0
DA:196,0
DA:199,0
DA:200,0
DA:201,0
DA:202,0
DA:203,0
DA:204,0
DA:205,0
DA:206,0
DA:207,0
DA:208,0
DA:209,0
DA:210,0
DA:211,0
DA:212,0
DA:213,0
DA:216,0
DA:217,0
DA:218,0
DA:219,0
DA:220,0
DA:221,0
DA:222,0
DA:223,0
DA:224,0
DA:227,0
DA:228,0
DA:229,0
DA:230,0
DA:231,0
DA:232,0
DA:233,0
DA:234,0
DA:235,0
DA:236,0
DA:237,0
DA:238,0
DA:239,0
DA:240,0
DA:241,0
DA:242,0
DA:243,0
DA:246,0
DA:247,0
DA:248,0
DA:249,0
DA:251,0
DA:253,0
DA:256,0
DA:257,0
DA:258,0
DA:259,0
DA:260,0
DA:261,0
DA:262,0
DA:267,0
DA:268,0
DA:269,0
DA:270,0
DA:271,0
DA:272,0
DA:273,0
DA:274,0
DA:277,0
DA:280,0
LF:179
LH:0
BRDA:1,0,0,0
BRF:1
BRH:0
end_of_record
TN:
SF:src\sniffer-server.ts
FN:1,(empty-report)
FNF:1
FNH:0
FNDA:0,(empty-report)
DA:1,0
DA:6,0
DA:7,0
DA:9,0
DA:10,0
DA:11,0
DA:12,0
DA:13,0
DA:14,0
DA:15,0
DA:17,0
DA:18,0
DA:19,0
DA:20,0
DA:21,0
DA:22,0
DA:23,0
DA:24,0
DA:25,0
DA:26,0
DA:27,0
DA:28,0
DA:29,0
DA:31,0
DA:32,0
DA:33,0
DA:34,0
DA:35,0
DA:36,0
DA:37,0
DA:38,0
DA:39,0
DA:40,0
DA:41,0
DA:42,0
DA:43,0
DA:44,0
DA:46,0
DA:47,0
DA:48,0
DA:49,0
DA:50,0
DA:51,0
DA:52,0
DA:53,0
DA:54,0
DA:56,0
DA:57,0
DA:58,0
LF:49
LH:0
BRDA:1,0,0,0
BRF:1
BRH:0
end_of_record
TN:
SF:src\state.ts
FNF:0
FNH:0
DA:1,1
LF:1
LH:1
BRF:0
BRH:0
end_of_record
TN:
SF:src\app\bootstrap.ts
FN:1,(empty-report)
FNF:1
FNH:0
FNDA:0,(empty-report)
DA:1,0
DA:15,0
DA:16,0
DA:17,0
DA:18,0
DA:19,0
DA:20,0
DA:21,0
DA:26,0
DA:27,0
DA:28,0
DA:29,0
DA:30,0
DA:31,0
DA:32,0
DA:34,0
DA:35,0
DA:36,0
DA:37,0
DA:38,0
DA:39,0
DA:40,0
DA:53,0
DA:54,0
DA:56,0
DA:57,0
DA:58,0
DA:59,0
DA:60,0
DA:62,0
DA:63,0
DA:64,0
DA:65,0
DA:67,0
DA:68,0
DA:69,0
DA:70,0
DA:71,0
DA:72,0
DA:74,0
DA:75,0
LF:41
LH:0
BRDA:1,0,0,0
BRF:1
BRH:0
end_of_record
TN:
SF:src\app\navigation.ts
FN:1,(empty-report)
FNF:1
FNH:1
FNDA:1,(empty-report)
DA:25,0
DA:26,0
DA:27,0
DA:29,0
DA:30,0
DA:31,0
DA:32,0
DA:33,0
DA:35,0
DA:36,0
DA:37,0
DA:39,0
DA:40,0
DA:42,0
DA:44,0
DA:45,0
DA:46,0
DA:47,0
DA:49,0
DA:50,0
DA:51,0
DA:53,0
DA:54,0
DA:55,0
DA:56,0
DA:58,0
DA:59,0
DA:60,0
DA:61,0
LF:29
LH:0
BRDA:1,0,0,1
BRF:1
BRH:1
end_of_record
TN:
SF:src\bridges\pageBridges.ts
FN:1,(empty-report)
FNF:1
FNH:0
FNDA:0,(empty-report)
DA:1,0
DA:11,0
DA:12,0
DA:13,0
DA:14,0
DA:15,0
DA:16,0
DA:17,0
DA:18,0
DA:19,0
DA:20,0
DA:21,0
DA:22,0
DA:23,0
DA:24,0
DA:25,0
DA:26,0
DA:27,0
DA:28,0
DA:29,0
DA:30,0
DA:31,0
DA:32,0
DA:33,0
DA:34,0
DA:35,0
DA:36,0
DA:37,0
LF:28
LH:0
BRDA:1,0,0,0
BRF:1
BRH:0
end_of_record
TN:
SF:src\config\passthrough.ts
FN:6,getPagePassthroughItems
FNF:1
FNH:1
FNDA:15,getPagePassthroughItems
DA:6,1
DA:7,15
DA:8,15
DA:9,15
LF:4
LH:4
BRDA:6,0,0,15
BRDA:7,1,0,0
BRDA:8,2,0,0
BRF:3
BRH:1
end_of_record
TN:
SF:src\drivers\consoleDriver.ts
FN:1,(empty-report)
FNF:1
FNH:0
FNDA:0,(empty-report)
DA:1,0
DA:4,0
DA:5,0
DA:7,0
DA:8,0
DA:9,0
DA:11,0
DA:12,0
DA:13,0
DA:15,0
DA:16,0
DA:17,0
DA:18,0
LF:13
LH:0
BRDA:1,0,0,0
BRF:1
BRH:0
end_of_record
TN:
SF:src\drivers\midiBridge.ts
FN:24,MidiBridgeDriver
FN:34,init
FN:143,execute
FN:147,shutdown
FNF:4
FNH:3
FNDA:1,MidiBridgeDriver
FNDA:1,init
FNDA:0,execute
FNDA:1,shutdown
DA:1,1
DA:15,1
DA:16,1
DA:17,1
DA:18,1
DA:19,1
DA:21,1
DA:22,1
DA:24,1
DA:25,1
DA:26,1
DA:27,1
DA:28,1
DA:29,1
DA:30,1
DA:31,1
DA:32,1
DA:34,1
DA:35,1
DA:36,1
DA:37,1
DA:38,1
DA:39,0
DA:40,0
DA:41,0
DA:42,0
DA:43,0
DA:44,0
DA:45,1
DA:46,1
DA:47,1
DA:48,1
DA:50,1
DA:51,1
DA:52,1
DA:53,0
DA:54,0
DA:55,0
DA:56,0
DA:57,0
DA:58,0
DA:59,1
DA:60,1
DA:61,1
DA:62,0
DA:63,0
DA:65,0
DA:68,0
DA:69,0
DA:70,0
DA:71,0
DA:72,0
DA:73,0
DA:74,1
DA:75,1
DA:76,1
DA:77,1
DA:79,1
DA:80,1
DA:81,2
DA:83,2
DA:84,2
DA:85,2
DA:86,0
DA:87,0
DA:88,0
DA:89,2
DA:90,2
DA:91,2
DA:92,2
DA:93,0
DA:94,0
DA:95,0
DA:96,2
DA:97,2
DA:99,2
DA:100,2
DA:101,1
DA:102,1
DA:103,1
DA:104,1
DA:105,1
DA:106,1
DA:107,1
DA:108,0
DA:109,0
DA:110,1
DA:111,1
DA:112,1
DA:113,1
DA:114,1
DA:115,1
DA:116,1
DA:117,1
DA:118,1
DA:119,1
DA:120,1
DA:121,1
DA:122,2
DA:124,2
DA:127,2
DA:128,0
DA:129,0
DA:130,2
DA:131,0
DA:132,0
DA:133,1
DA:134,1
DA:136,1
DA:137,1
DA:138,0
DA:139,0
DA:140,0
DA:141,1
DA:143,1
DA:147,1
DA:148,1
DA:149,1
DA:150,1
DA:151,1
DA:152,1
DA:153,1
DA:154,1
DA:155,1
DA:156,1
LF:125
LH:89
BRDA:24,0,0,1
BRDA:34,1,0,1
BRDA:38,2,0,0
BRDA:52,3,0,0
BRDA:137,4,0,0
BRDA:80,5,0,2
BRDA:83,6,0,0
BRDA:85,7,0,1
BRDA:85,8,0,0
BRDA:89,9,0,0
BRDA:89,10,0,0
BRDA:92,11,0,0
BRDA:100,12,0,1
BRDA:102,13,0,0
BRDA:103,14,0,0
BRDA:107,15,0,0
BRDA:122,16,0,0
BRDA:124,17,0,0
BRDA:124,18,0,0
BRDA:127,19,0,0
BRDA:130,20,0,0
BRDA:110,21,0,1
BRDA:116,22,0,0
BRDA:147,23,0,1
BRDA:148,24,0,0
BRDA:149,25,0,0
BRDA:152,26,0,0
BRF:27
BRH:7
end_of_record
TN:
SF:src\drivers\obs.ts
FN:1,(empty-report)
FNF:1
FNH:0
FNDA:0,(empty-report)
DA:1,0
DA:4,0
DA:5,0
DA:7,0
DA:8,0
DA:9,0
DA:11,0
DA:12,0
DA:13,0
DA:14,0
LF:10
LH:0
BRDA:1,0,0,0
BRF:1
BRH:0
end_of_record
TN:
SF:src\drivers\qlc.ts
FN:1,(empty-report)
FNF:1
FNH:0
FNDA:0,(empty-report)
DA:1,0
DA:4,0
DA:5,0
DA:7,0
DA:8,0
DA:9,0
DA:11,0
DA:12,0
DA:13,0
DA:14,0
LF:10
LH:0
BRDA:1,0,0,0
BRF:1
BRH:0
end_of_record
TN:
SF:src\drivers\voicemeeter.ts
FN:20,VoicemeeterDriver
FN:26,init
FN:73,execute
FN:80,shutdown
FNF:4
FNH:3
FNDA:1,VoicemeeterDriver
FNDA:1,init
FNDA:0,execute
FNDA:1,shutdown
DA:1,1
DA:14,1
DA:15,1
DA:16,1
DA:17,1
DA:18,1
DA:20,1
DA:21,1
DA:22,1
DA:23,1
DA:24,1
DA:26,1
DA:28,1
DA:29,1
DA:30,1
DA:31,0
DA:32,0
DA:33,0
DA:34,1
DA:35,1
DA:36,1
DA:39,1
DA:40,1
DA:41,1
DA:42,0
DA:43,0
DA:44,0
DA:45,0
DA:46,0
DA:47,1
DA:48,1
DA:50,0
DA:51,0
DA:52,0
DA:53,1
DA:54,1
DA:55,1
DA:56,1
DA:59,1
DA:61,1
DA:62,1
DA:64,1
DA:65,1
DA:66,0
DA:67,0
DA:68,1
DA:70,1
DA:71,1
DA:73,1
DA:77,0
DA:78,0
DA:80,1
DA:81,1
DA:82,1
DA:83,1
DA:84,1
DA:85,1
DA:86,1
DA:87,1
DA:88,1
DA:89,1
LF:61
LH:46
BRDA:20,0,0,1
BRDA:26,1,0,1
BRDA:30,2,0,0
BRDA:41,3,0,0
BRDA:59,4,0,1
BRDA:64,5,0,0
BRDA:64,6,0,0
BRDA:65,7,0,0
BRDA:80,8,0,1
BRDA:81,9,0,0
BRDA:82,10,0,0
BRF:11
BRH:4
end_of_record
TN:
SF:src\midi\backgroundListeners.ts
FN:1,(empty-report)
FNF:1
FNH:0
FNDA:0,(empty-report)
DA:1,0
DA:11,0
DA:12,0
DA:13,0
DA:15,0
DA:17,0
DA:18,0
DA:19,0
DA:20,0
DA:21,0
DA:22,0
DA:24,0
DA:25,0
DA:26,0
DA:27,0
DA:28,0
DA:29,0
DA:30,0
DA:31,0
DA:32,0
DA:33,0
DA:34,0
DA:35,0
DA:36,0
DA:37,0
DA:38,0
DA:39,0
DA:40,0
DA:41,0
DA:42,0
DA:43,0
DA:44,0
DA:45,0
DA:46,0
DA:47,0
DA:48,0
DA:49,0
DA:50,0
DA:51,0
DA:52,0
DA:53,0
DA:54,0
DA:55,0
DA:57,0
DA:58,0
DA:59,0
DA:60,0
DA:61,0
DA:62,0
DA:63,0
DA:64,0
DA:65,0
DA:66,0
DA:67,0
DA:68,0
DA:69,0
DA:71,0
DA:72,0
DA:74,0
DA:75,0
DA:76,0
DA:77,0
DA:78,0
DA:80,0
DA:81,0
DA:82,0
DA:83,0
DA:84,0
DA:85,0
DA:86,0
DA:87,0
DA:88,0
DA:90,0
DA:91,0
DA:92,0
DA:93,0
DA:94,0
DA:95,0
DA:96,0
DA:98,0
DA:99,0
DA:100,0
DA:101,0
DA:102,0
DA:103,0
DA:104,0
DA:105,0
DA:106,0
DA:107,0
DA:108,0
DA:109,0
DA:110,0
DA:111,0
DA:112,0
DA:113,0
DA:114,0
DA:115,0
DA:116,0
DA:117,0
DA:118,0
DA:119,0
DA:120,0
DA:121,0
DA:122,0
DA:123,0
DA:124,0
DA:125,0
DA:126,0
DA:127,0
LF:109
LH:0
BRDA:1,0,0,0
BRF:1
BRH:0
end_of_record
TN:
SF:src\midi\decoder.ts
FN:78,computeRelativeDelta
FN:86,decodeMidi
FN:144,formatDecoded
FNF:3
FNH:3
FNDA:3,computeRelativeDelta
FNDA:12,decodeMidi
FNDA:1,formatDecoded
DA:78,3
DA:80,3
DA:81,3
DA:82,3
DA:83,0
DA:84,0
DA:86,1
DA:87,12
DA:88,12
DA:89,12
DA:90,1
DA:91,1
DA:92,12
DA:93,1
DA:94,1
DA:95,12
DA:96,1
DA:97,1
DA:99,9
DA:100,9
DA:101,12
DA:102,12
DA:104,12
DA:105,12
DA:107,1
DA:108,1
DA:109,12
DA:111,3
DA:112,2
DA:113,2
DA:114,12
DA:115,0
DA:116,0
DA:117,12
DA:118,3
DA:119,3
DA:120,3
DA:121,3
DA:122,3
DA:123,3
DA:124,3
DA:125,3
DA:126,3
DA:127,3
DA:128,12
DA:129,0
DA:130,0
DA:131,12
DA:132,0
DA:133,0
DA:134,12
DA:135,2
DA:136,2
DA:137,2
DA:138,2
DA:139,12
DA:140,0
DA:141,12
DA:142,12
DA:144,1
DA:145,1
DA:146,1
DA:147,0
DA:148,1
DA:149,0
DA:150,1
DA:151,0
DA:152,0
DA:153,0
DA:154,1
DA:155,0
DA:156,1
DA:157,0
DA:158,1
DA:159,0
DA:160,1
DA:161,0
DA:162,1
DA:163,1
DA:164,1
DA:165,0
DA:166,1
DA:167,0
DA:168,1
DA:169,1
DA:170,0
DA:171,1
DA:172,1
LF:88
LH:67
BRDA:78,0,0,3
BRDA:80,1,0,1
BRDA:80,2,0,2
BRDA:81,3,0,1
BRDA:82,4,0,1
BRDA:82,5,0,0
BRDA:86,6,0,12
BRDA:87,7,0,0
BRDA:89,8,0,1
BRDA:91,9,0,11
BRDA:92,10,0,1
BRDA:94,11,0,10
BRDA:95,12,0,1
BRDA:97,13,0,9
BRDA:101,14,0,0
BRDA:102,15,0,0
BRDA:105,16,0,1
BRDA:109,17,0,3
BRDA:111,18,0,2
BRDA:111,19,0,1
BRDA:114,20,0,0
BRDA:117,21,0,3
BRDA:128,22,0,0
BRDA:131,23,0,0
BRDA:134,24,0,2
BRDA:139,25,0,0
BRDA:144,26,0,1
BRDA:146,27,0,0
BRDA:148,28,0,0
BRDA:150,29,0,0
BRDA:154,30,0,0
BRDA:156,31,0,0
BRDA:158,32,0,0
BRDA:160,33,0,0
BRDA:164,34,0,0
BRDA:166,35,0,0
BRDA:168,36,0,0
BRDA:169,37,0,0
BRF:38
BRH:19
end_of_record
TN:
SF:src\midi\filter.ts
FN:6,matchFilter
FNF:1
FNH:1
FNDA:9,matchFilter
DA:6,1
DA:7,9
DA:8,9
DA:9,9
DA:10,9
DA:12,9
DA:14,7
DA:15,9
DA:16,9
DA:17,9
DA:18,9
DA:19,9
DA:20,9
DA:22,9
DA:23,5
DA:24,2
DA:25,1
DA:26,1
DA:27,0
DA:28,1
DA:29,1
DA:30,0
DA:31,0
DA:32,0
DA:33,0
DA:34,0
DA:35,0
DA:36,0
DA:38,9
DA:40,9
DA:41,2
DA:42,2
DA:43,2
DA:44,9
DA:45,1
DA:46,1
DA:47,1
DA:49,4
DA:50,4
LF:39
LH:31
BRDA:6,0,0,9
BRDA:7,1,0,1
BRDA:7,2,0,8
BRDA:8,3,0,0
BRDA:12,4,0,4
BRDA:12,5,0,1
BRDA:12,6,0,7
BRDA:14,7,0,6
BRDA:14,8,0,0
BRDA:15,9,0,7
BRDA:15,10,0,6
BRDA:15,11,0,0
BRDA:22,12,0,5
BRDA:23,13,0,2
BRDA:24,14,0,1
BRDA:25,15,0,1
BRDA:26,16,0,0
BRDA:29,17,0,0
BRDA:38,18,0,3
BRDA:38,19,0,1
BRDA:38,20,0,6
BRDA:40,21,0,2
BRDA:40,22,0,5
BRDA:40,23,0,2
BRDA:41,24,0,0
BRDA:42,25,0,1
BRDA:43,26,0,5
BRDA:44,27,0,2
BRDA:44,28,0,4
BRDA:44,29,0,1
BRDA:45,30,0,0
BRDA:47,31,0,4
BRF:32
BRH:25
end_of_record
TN:
SF:src\midi\ports.ts
FN:1,(empty-report)
FNF:1
FNH:1
FNDA:1,(empty-report)
DA:3,0
DA:4,0
DA:5,0
DA:6,0
DA:7,0
DA:8,0
DA:9,0
DA:10,0
DA:11,0
DA:12,0
DA:13,0
DA:14,0
LF:12
LH:0
BRDA:1,0,0,1
BRF:1
BRH:1
end_of_record
TN:
SF:src\midi\sniffer.ts
FN:1,(empty-report)
FNF:1
FNH:0
FNDA:0,(empty-report)
DA:1,0
DA:10,0
DA:11,0
DA:12,0
DA:13,0
DA:14,0
DA:15,0
DA:16,0
DA:17,0
DA:18,0
DA:19,0
DA:20,0
DA:29,0
DA:30,0
DA:31,0
DA:33,0
DA:35,0
DA:36,0
DA:37,0
DA:38,0
DA:39,0
DA:40,0
DA:41,0
DA:42,0
DA:43,0
DA:44,0
DA:45,0
DA:46,0
DA:47,0
DA:48,0
DA:49,0
DA:50,0
DA:51,0
DA:52,0
DA:53,0
DA:54,0
DA:56,0
DA:57,0
DA:58,0
DA:59,0
DA:60,0
DA:61,0
DA:62,0
DA:64,0
DA:65,0
DA:66,0
DA:67,0
DA:68,0
DA:69,0
DA:70,0
DA:71,0
DA:72,0
DA:73,0
LF:53
LH:0
BRDA:1,0,0,0
BRF:1
BRH:0
end_of_record
TN:
SF:src\midi\transform.ts
FN:7,applyTransform
FNF:1
FNH:1
FNDA:5,applyTransform
DA:1,1
DA:7,1
DA:8,5
DA:10,3
DA:11,1
DA:12,1
DA:13,1
DA:14,1
DA:15,1
DA:16,1
DA:17,1
DA:18,1
DA:19,1
DA:20,1
DA:21,1
DA:22,1
DA:23,1
DA:26,2
DA:27,2
DA:28,2
DA:29,2
DA:30,1
DA:31,1
DA:32,1
DA:33,1
DA:34,1
DA:35,1
DA:36,1
DA:37,1
DA:39,1
DA:40,1
DA:41,1
DA:42,1
DA:43,1
DA:44,1
DA:45,1
DA:46,1
DA:47,1
DA:48,1
DA:49,1
DA:50,2
DA:52,1
DA:53,1
LF:43
LH:43
BRDA:7,0,0,5
BRDA:8,1,0,2
BRDA:8,2,0,3
BRDA:10,3,0,1
BRDA:11,4,0,0
BRDA:15,5,0,0
BRDA:16,6,0,0
BRDA:19,7,0,0
BRDA:23,8,0,2
BRDA:27,9,0,0
BRDA:29,10,0,1
BRDA:32,11,0,0
BRDA:33,12,0,0
BRDA:36,13,0,0
BRDA:39,14,0,0
BRDA:41,15,0,0
BRDA:50,16,0,1
BRF:17
BRH:7
end_of_record
TN:
SF:src\midi\utils.ts
FN:6,hex
FN:13,human
FN:39,parseNumberMaybeHex
FN:56,getTypeNibble
FN:61,isPB
FN:63,isCC
FN:65,isNoteOn
FN:67,isNoteOff
FN:72,pb14FromRaw
FN:80,rawFromPb14
FNF:10
FNH:10
FNDA:3,hex
FNDA:2,human
FNDA:7,parseNumberMaybeHex
FNDA:11,getTypeNibble
FNDA:3,isPB
FNDA:1,isCC
FNDA:1,isNoteOn
FNDA:1,isNoteOff
FNDA:107,pb14FromRaw
FNDA:102,rawFromPb14
DA:1,1
DA:6,1
DA:7,3
DA:8,3
DA:13,1
DA:14,2
DA:15,2
DA:16,2
DA:17,0
DA:18,0
DA:19,0
DA:20,0
DA:21,2
DA:22,1
DA:23,1
DA:24,1
DA:25,1
DA:26,1
DA:27,1
DA:28,1
DA:29,1
DA:30,0
DA:31,0
DA:32,0
DA:33,0
DA:34,2
DA:39,1
DA:40,7
DA:41,7
DA:42,5
DA:43,5
DA:45,5
DA:46,4
DA:47,2
DA:48,4
DA:49,5
DA:50,1
DA:51,1
DA:56,1
DA:57,11
DA:58,11
DA:61,1
DA:63,1
DA:65,1
DA:67,1
DA:72,1
DA:73,107
DA:74,107
DA:80,1
DA:81,102
DA:82,102
DA:83,102
DA:84,102
DA:85,102
DA:86,102
DA:87,102
LF:56
LH:48
BRDA:6,0,0,3
BRDA:7,1,0,9
BRDA:13,2,0,2
BRDA:16,3,0,0
BRDA:21,4,0,1
BRDA:21,5,0,1
BRDA:24,6,0,0
BRDA:29,7,0,0
BRDA:39,8,0,7
BRDA:40,9,0,1
BRDA:40,10,0,6
BRDA:41,11,0,1
BRDA:41,12,0,6
BRDA:41,13,0,1
BRDA:41,14,0,5
BRDA:45,15,0,2
BRDA:45,16,0,4
BRDA:45,17,0,3
BRDA:46,18,0,1
BRDA:46,19,0,2
BRDA:48,20,0,1
BRDA:49,21,0,1
BRDA:56,22,0,11
BRDA:61,23,0,3
BRDA:63,24,0,1
BRDA:65,25,0,1
BRDA:67,26,0,1
BRDA:72,27,0,107
BRDA:80,28,0,102
BRF:29
BRH:26
end_of_record
TN:
SF:src\router\antiEcho.ts
FN:11,midiValueEquals
FN:27,getAntiLoopMs
FNF:2
FNH:2
FNDA:8,midiValueEquals
FNDA:8,getAntiLoopMs
DA:11,1
DA:12,8
DA:13,2
DA:14,2
DA:15,1
DA:16,1
DA:17,6
DA:18,6
DA:27,1
DA:28,8
DA:29,8
DA:30,8
DA:31,8
DA:32,8
LF:14
LH:14
BRDA:11,0,0,8
BRDA:12,1,0,2
BRDA:12,2,0,2
BRDA:13,3,0,0
BRDA:14,4,0,6
BRDA:14,5,0,1
BRDA:14,6,0,1
BRDA:16,7,0,6
BRDA:27,8,0,8
BRDA:31,9,0,1
BRF:10
BRH:9
end_of_record
TN:
SF:src\router\emit.ts
FN:28,makeXTouchEmitter
FN:35,entryToRaw
FN:67,emitIfNotDuplicate
FN:82,send
FN:109,clearShadow
FNF:5
FNH:4
FNDA:1,makeXTouchEmitter
FNDA:4,entryToRaw
FNDA:4,emitIfNotDuplicate
FNDA:2,send
FNDA:0,clearShadow
DA:1,1
DA:28,1
DA:29,1
DA:30,1
DA:31,1
DA:32,1
DA:33,1
DA:35,1
DA:36,4
DA:37,4
DA:38,4
DA:39,2
DA:40,2
DA:41,2
DA:42,2
DA:43,2
DA:44,2
DA:45,4
DA:46,1
DA:47,1
DA:48,1
DA:49,1
DA:50,1
DA:51,1
DA:52,4
DA:53,1
DA:54,1
DA:55,1
DA:56,1
DA:57,1
DA:58,4
DA:59,0
DA:60,0
DA:61,0
DA:62,4
DA:63,0
DA:64,4
DA:65,4
DA:67,1
DA:68,4
DA:69,4
DA:70,4
DA:71,4
DA:72,4
DA:73,1
DA:74,1
DA:75,4
DA:76,4
DA:77,3
DA:78,3
DA:79,4
DA:82,1
DA:84,2
DA:85,2
DA:86,2
DA:87,2
DA:90,2
DA:92,2
DA:93,2
DA:94,8
DA:95,4
DA:96,4
DA:97,4
DA:98,0
DA:99,0
DA:100,4
DA:101,4
DA:102,0
DA:103,0
DA:104,4
DA:105,8
DA:106,2
DA:109,1
DA:110,0
DA:111,0
DA:113,1
DA:114,1
LF:77
LH:67
BRDA:28,0,0,1
BRDA:35,1,0,4
BRDA:38,2,0,2
BRDA:39,3,0,0
BRDA:41,4,0,0
BRDA:42,5,0,0
BRDA:45,6,0,1
BRDA:46,7,0,0
BRDA:48,8,0,0
BRDA:49,9,0,0
BRDA:52,10,0,1
BRDA:53,11,0,0
BRDA:54,12,0,0
BRDA:58,13,0,0
BRDA:62,14,0,0
BRDA:67,15,0,4
BRDA:72,16,0,1
BRDA:72,17,0,1
BRDA:72,18,0,1
BRDA:74,19,0,3
BRDA:75,20,0,0
BRDA:76,21,0,0
BRDA:76,22,0,3
BRDA:82,23,0,2
BRDA:90,24,0,0
BRDA:93,25,0,8
BRDA:94,26,0,4
BRDA:96,27,0,0
BRDA:97,28,0,0
BRDA:101,29,0,0
BRDA:101,30,0,0
BRDA:84,31,0,4
BRDA:85,32,0,4
BRDA:86,33,0,4
BRDA:87,34,0,4
BRF:35
BRH:18
end_of_record
TN:
SF:src\router\forward.ts
FN:21,forwardFromApp
FNF:1
FNH:1
FNDA:3,forwardFromApp
DA:1,1
DA:21,1
DA:22,3
DA:23,3
DA:24,3
DA:25,3
DA:26,3
DA:27,3
DA:28,3
DA:30,3
DA:31,3
DA:32,3
DA:34,3
DA:35,3
DA:36,3
DA:37,3
DA:38,1
DA:39,1
DA:40,1
DA:41,1
DA:42,1
DA:43,1
DA:44,1
DA:46,2
DA:47,2
DA:49,2
DA:50,3
DA:51,3
DA:52,3
DA:53,1
DA:54,1
DA:55,1
DA:56,1
LF:33
LH:33
BRDA:21,0,0,3
BRDA:26,1,0,0
BRDA:28,2,0,0
BRDA:32,3,0,0
BRDA:37,4,0,1
BRDA:39,5,0,0
BRDA:44,6,0,2
BRDA:47,7,0,0
BRDA:47,8,0,2
BRDA:50,9,0,1
BRDA:51,10,0,2
BRDA:51,11,0,0
BRDA:52,12,0,1
BRF:13
BRH:7
end_of_record
TN:
SF:src\router\latency.ts
FN:5,<instance_members_initializer>
FN:9,record
FN:15,reset
FN:20,summary
FN:23,pct
FN:32,attachLatencyExtensions
FN:33,getLatencyReport
FN:46,resetLatency
FN:56,getAntiLoopMs
FNF:9
FNH:9
FNDA:5,<instance_members_initializer>
FNDA:2,record
FNDA:5,reset
FNDA:10,summary
FNDA:20,pct
FNDA:1,attachLatencyExtensions
FNDA:2,getLatencyReport
FNDA:1,resetLatency
FNDA:1,getAntiLoopMs
DA:4,1
DA:5,1
DA:6,5
DA:7,5
DA:9,1
DA:10,2
DA:11,2
DA:12,2
DA:13,2
DA:15,1
DA:16,5
DA:17,5
DA:18,5
DA:20,1
DA:21,10
DA:22,10
DA:23,10
DA:24,10
DA:25,10
DA:26,10
DA:27,1
DA:32,1
DA:33,1
DA:34,2
DA:35,2
DA:36,2
DA:37,2
DA:38,2
DA:39,2
DA:40,8
DA:41,8
DA:42,2
DA:43,2
DA:44,2
DA:46,1
DA:47,1
DA:48,1
DA:49,1
DA:50,1
DA:51,4
DA:52,4
DA:53,1
DA:54,1
DA:56,1
DA:57,1
DA:58,1
DA:59,1
DA:60,1
LF:48
LH:48
BRDA:5,0,0,5
BRDA:9,1,0,2
BRDA:12,2,0,0
BRDA:15,3,0,5
BRDA:20,4,0,10
BRDA:24,5,0,9
BRDA:24,6,0,1
BRDA:21,7,0,1
BRDA:23,8,0,20
BRDA:23,9,0,18
BRDA:23,10,0,2
BRDA:32,11,0,1
BRDA:33,12,0,2
BRDA:39,13,0,8
BRDA:46,14,0,1
BRDA:50,15,0,4
BRDA:56,16,0,1
BRDA:58,17,0,0
BRF:18
BRH:16
end_of_record
TN:
SF:src\router\page.ts
FN:6,getAppsForPage
FN:14,getChannelsForApp
FN:39,resolvePbToCcMappingForApp
FN:63,transformAppToXTouch
FNF:4
FNH:4
FNDA:7,getAppsForPage
FNDA:3,getChannelsForApp
FNDA:5,resolvePbToCcMappingForApp
FNDA:3,transformAppToXTouch
DA:1,1
DA:6,1
DA:7,7
DA:8,7
DA:9,7
DA:10,0
DA:11,7
DA:12,7
DA:14,1
DA:15,3
DA:16,3
DA:17,3
DA:18,3
DA:19,3
DA:20,4
DA:21,4
DA:22,4
DA:23,4
DA:24,1
DA:25,1
DA:26,1
DA:27,1
DA:28,1
DA:29,4
DA:30,2
DA:31,2
DA:32,4
DA:33,3
DA:34,0
DA:35,0
DA:36,3
DA:37,3
DA:39,1
DA:40,5
DA:41,5
DA:42,5
DA:43,5
DA:44,5
DA:45,5
DA:46,4
DA:47,4
DA:48,4
DA:49,5
DA:50,5
DA:51,36
DA:52,36
DA:53,35
DA:54,35
DA:55,36
DA:56,0
DA:57,0
DA:58,36
DA:59,36
DA:60,5
DA:61,5
DA:63,1
DA:64,3
DA:65,3
DA:66,1
DA:67,1
DA:68,2
DA:69,2
DA:70,2
DA:71,2
DA:72,2
DA:73,2
DA:74,2
DA:75,2
DA:76,2
DA:77,2
DA:78,2
DA:79,2
DA:80,2
DA:81,2
DA:82,2
DA:83,2
DA:84,2
DA:85,2
DA:86,2
DA:87,2
DA:88,2
DA:89,2
DA:90,0
DA:91,0
LF:84
LH:77
BRDA:6,0,0,7
BRDA:9,1,0,0
BRDA:11,2,0,6
BRDA:11,3,0,1
BRDA:9,4,0,8
BRDA:14,5,0,3
BRDA:16,6,0,0
BRDA:19,7,0,4
BRDA:20,8,0,3
BRDA:21,9,0,3
BRDA:21,10,0,5
BRDA:22,11,0,3
BRDA:23,12,0,1
BRDA:23,13,0,1
BRDA:29,14,0,3
BRDA:29,15,0,2
BRDA:30,16,0,18
BRDA:33,17,0,0
BRDA:17,18,0,4
BRDA:36,19,0,26
BRDA:39,20,0,5
BRDA:41,21,0,0
BRDA:44,22,0,4
BRDA:45,23,0,1
BRDA:45,24,0,4
BRDA:49,25,0,3
BRDA:49,26,0,1
BRDA:49,27,0,0
BRDA:50,28,0,4
BRDA:50,29,0,36
BRDA:51,30,0,9
BRDA:52,31,0,35
BRDA:52,32,0,35
BRDA:55,33,0,0
BRDA:60,34,0,0
BRDA:42,35,0,5
BRDA:43,36,0,5
BRDA:63,37,0,3
BRDA:65,38,0,2
BRDA:65,39,0,1
BRDA:67,40,0,2
BRDA:71,41,0,0
BRDA:72,42,0,0
BRDA:77,43,0,0
BRDA:78,44,0,0
BRDA:89,45,0,0
BRF:46
BRH:34
end_of_record
TN:
SF:src\router\planner.ts
FN:12,planRefresh
FN:18,pushNoteCandidate
FN:25,pushCcCandidate
FN:32,pushPbCandidate
FNF:4
FNH:4
FNDA:2,planRefresh
FNDA:320,pushNoteCandidate
FNDA:320,pushCcCandidate
FNDA:2,pushPbCandidate
DA:1,1
DA:12,1
DA:14,2
DA:15,2
DA:16,2
DA:18,2
DA:19,320
DA:20,320
DA:21,320
DA:22,320
DA:23,320
DA:24,320
DA:25,2
DA:26,320
DA:27,320
DA:28,320
DA:29,320
DA:30,320
DA:31,320
DA:32,2
DA:33,2
DA:34,2
DA:35,2
DA:36,2
DA:37,2
DA:39,2
DA:40,2
DA:41,2
DA:42,2
DA:45,2
DA:46,10
DA:47,10
DA:48,1
DA:49,1
DA:50,1
DA:51,1
DA:52,10
DA:53,10
DA:54,8
DA:55,8
DA:56,8
DA:57,0
DA:58,0
DA:59,0
DA:60,8
DA:61,8
DA:63,1
DA:64,1
DA:65,1
DA:68,2
DA:69,10
DA:70,320
DA:71,320
DA:72,320
DA:73,0
DA:74,0
DA:75,320
DA:76,320
DA:77,320
DA:78,320
DA:79,320
DA:80,10
DA:83,2
DA:84,10
DA:85,320
DA:86,320
DA:87,320
DA:88,0
DA:89,0
DA:90,320
DA:91,320
DA:92,320
DA:93,320
DA:94,320
DA:95,10
DA:96,2
DA:99,2
DA:100,2
DA:101,2
DA:102,2
DA:103,2
DA:104,2
LF:82
LH:75
BRDA:12,0,0,2
BRDA:45,1,0,10
BRDA:47,2,0,1
BRDA:51,3,0,9
BRDA:52,4,0,8
BRDA:53,5,0,8
BRDA:56,6,0,0
BRDA:61,7,0,1
BRDA:68,8,0,10
BRDA:69,9,0,320
BRDA:72,10,0,0
BRDA:83,11,0,10
BRDA:84,12,0,320
BRDA:87,13,0,0
BRDA:100,14,0,320
BRDA:101,15,0,320
BRDA:18,16,0,320
BRDA:19,17,0,0
BRDA:19,18,0,0
BRDA:21,19,0,0
BRDA:21,20,0,0
BRDA:25,21,0,320
BRDA:26,22,0,0
BRDA:26,23,0,0
BRDA:28,24,0,0
BRDA:28,25,0,0
BRDA:32,26,0,2
BRDA:34,27,0,0
BRDA:34,28,0,0
BRF:29
BRH:16
end_of_record
TN:
SF:src\router\shadows.ts
FN:7,makeAppShadows
FN:10,getAppShadow
FN:19,addrKeyForXTouch
FN:23,addrKeyForApp
FNF:4
FNH:4
FNDA:1,makeAppShadows
FNDA:2,getAppShadow
FNDA:1,addrKeyForXTouch
FNDA:1,addrKeyForApp
DA:1,1
DA:7,1
DA:8,1
DA:10,1
DA:11,2
DA:12,2
DA:13,1
DA:14,1
DA:15,1
DA:16,2
DA:17,2
DA:19,1
DA:20,1
DA:21,1
DA:23,1
DA:25,1
DA:26,1
DA:28,1
DA:29,1
LF:19
LH:19
BRDA:7,0,0,1
BRDA:10,1,0,2
BRDA:12,2,0,1
BRDA:19,3,0,1
BRDA:23,4,0,1
BRF:5
BRH:5
end_of_record
TN:
SF:src\shared\addrKey.ts
FN:9,addrKeyWithoutPort
FNF:1
FNH:1
FNDA:3,addrKeyWithoutPort
DA:1,1
DA:9,1
DA:10,3
DA:11,3
DA:12,3
DA:13,3
DA:14,3
LF:7
LH:7
BRDA:9,0,0,3
BRDA:11,1,0,0
BRDA:12,2,0,0
BRF:3
BRH:1
end_of_record
TN:
SF:src\shared\appKey.ts
FN:6,resolveAppKey
FN:19,resolveAppKeyFromPort
FNF:2
FNH:2
FNDA:22,resolveAppKey
FNDA:4,resolveAppKeyFromPort
DA:6,1
DA:7,22
DA:8,22
DA:9,22
DA:10,22
DA:11,22
DA:12,11
DA:13,1
DA:14,1
DA:19,1
DA:20,4
DA:21,4
DA:22,4
DA:23,4
DA:24,1
DA:25,1
LF:16
LH:16
BRDA:6,0,0,22
BRDA:7,1,0,0
BRDA:8,2,0,0
BRDA:10,3,0,17
BRDA:10,4,0,11
BRDA:10,5,0,5
BRDA:11,6,0,3
BRDA:11,7,0,11
BRDA:11,8,0,8
BRDA:11,9,0,3
BRDA:11,10,0,2
BRDA:12,11,0,1
BRDA:19,12,0,4
BRDA:20,13,0,0
BRDA:21,14,0,1
BRDA:21,15,0,3
BRDA:22,16,0,2
BRDA:22,17,0,1
BRDA:22,18,0,2
BRDA:23,19,0,1
BRF:20
BRH:17
end_of_record
TN:
SF:src\state\builders.ts
FN:12,buildEntryFromRaw
FNF:1
FNH:1
FNDA:5,buildEntryFromRaw
DA:1,1
DA:12,1
DA:13,5
DA:14,5
DA:15,5
DA:16,5
DA:18,5
DA:19,1
DA:20,1
DA:21,1
DA:22,1
DA:23,1
DA:24,1
DA:25,1
DA:26,1
DA:27,1
DA:28,1
DA:29,1
DA:30,5
DA:32,4
DA:33,4
DA:35,5
DA:36,1
DA:37,1
DA:38,1
DA:39,1
DA:40,1
DA:41,1
DA:42,1
DA:43,1
DA:44,1
DA:45,1
DA:46,5
DA:47,1
DA:48,1
DA:49,1
DA:50,1
DA:51,1
DA:52,1
DA:53,1
DA:54,1
DA:55,1
DA:56,5
DA:57,1
DA:58,1
DA:59,1
DA:60,1
DA:61,1
DA:62,1
DA:63,1
DA:64,1
DA:65,1
DA:66,1
DA:67,1
DA:68,1
LF:55
LH:55
BRDA:12,0,0,5
BRDA:13,1,0,0
BRDA:15,2,0,0
BRDA:16,3,0,1
BRDA:18,4,0,1
BRDA:29,5,0,4
BRDA:30,6,0,0
BRDA:30,7,0,4
BRDA:35,8,0,3
BRDA:35,9,0,1
BRDA:36,10,0,0
BRDA:45,11,0,3
BRDA:46,12,0,1
BRDA:55,13,0,2
BRDA:56,14,0,1
BRF:15
BRH:11
end_of_record
TN:
SF:src\state\persistence.ts
FN:13,setupStatePersistence
FN:21,flushJournal
FN:30,onStateUpsert
FN:35,unsubState
FN:50,stopSnapshot
FNF:5
FNH:4
FNDA:1,setupStatePersistence
FNDA:1,flushJournal
FNDA:1,onStateUpsert
FNDA:0,unsubState
FNDA:1,stopSnapshot
DA:1,1
DA:13,1
DA:14,1
DA:15,1
DA:16,1
DA:17,1
DA:18,1
DA:19,1
DA:20,1
DA:21,1
DA:22,1
DA:23,1
DA:24,1
DA:25,1
DA:26,1
DA:27,1
DA:28,1
DA:29,1
DA:30,1
DA:31,1
DA:32,1
DA:33,1
DA:34,1
DA:35,1
DA:36,1
DA:37,1
DA:38,1
DA:39,1
DA:40,1
DA:41,1
DA:42,1
DA:43,4
DA:44,4
DA:45,1
DA:46,1
DA:47,1
DA:48,1
DA:49,1
DA:50,1
DA:51,1
DA:52,1
LF:41
LH:41
BRDA:13,0,0,1
BRDA:17,1,0,0
BRDA:21,2,0,1
BRDA:22,3,0,0
BRDA:27,4,0,0
BRDA:30,5,0,1
BRDA:39,6,0,1
BRDA:42,7,0,4
BRDA:43,8,0,0
BRDA:46,9,0,0
BRDA:50,10,0,1
BRDA:50,11,0,0
BRF:12
BRH:6
end_of_record
TN:
SF:src\state\store.ts
FN:9,<instance_members_initializer>
FN:12,StateStore
FN:16,initializeAppStates
FN:25,updateFromFeedback
FN:44,getStateForApp
FN:55,listStatesForApp
FN:64,listStatesForApps
FN:76,subscribe
FN:84,getKnownLatestForApp
FNF:9
FNH:8
FNDA:6,<instance_members_initializer>
FNDA:6,StateStore
FNDA:6,initializeAppStates
FNDA:8,updateFromFeedback
FNDA:1,getStateForApp
FNDA:6,listStatesForApp
FNDA:0,listStatesForApps
FNDA:2,subscribe
FNDA:1307,getKnownLatestForApp
DA:1,1
DA:8,1
DA:9,1
DA:10,6
DA:12,1
DA:13,6
DA:14,6
DA:16,1
DA:17,6
DA:18,24
DA:19,24
DA:20,6
DA:25,1
DA:26,8
DA:27,8
DA:28,8
DA:29,8
DA:30,8
DA:31,8
DA:32,8
DA:33,8
DA:34,8
DA:35,8
DA:36,8
DA:37,2
DA:38,2
DA:39,8
DA:44,1
DA:45,1
DA:46,1
DA:47,1
DA:48,1
DA:49,1
DA:50,1
DA:55,1
DA:56,6
DA:57,6
DA:58,6
DA:59,6
DA:64,1
DA:65,0
DA:66,0
DA:67,0
DA:68,0
DA:69,0
DA:70,0
DA:76,1
DA:77,2
DA:78,2
DA:79,2
DA:84,1
DA:85,1307
DA:86,1307
DA:87,1307
DA:88,1307
DA:89,1307
DA:90,1307
DA:91,1307
DA:92,1307
DA:93,1307
DA:94,2356
DA:95,2356
DA:96,2356
DA:97,2356
DA:98,3
DA:99,2356
DA:100,2356
DA:101,1307
DA:102,1307
DA:103,1
LF:70
LH:64
BRDA:9,0,0,6
BRDA:12,1,0,6
BRDA:16,2,0,6
BRDA:17,3,0,24
BRDA:25,4,0,8
BRDA:27,5,0,0
BRDA:36,6,0,2
BRDA:37,7,0,0
BRDA:44,8,0,1
BRDA:46,9,0,0
BRDA:49,10,0,0
BRDA:55,11,0,6
BRDA:57,12,0,0
BRDA:76,13,0,2
BRDA:78,14,0,2
BRDA:84,15,0,1307
BRDA:91,16,0,0
BRDA:93,17,0,2356
BRDA:95,18,0,1753
BRDA:95,19,0,603
BRDA:96,20,0,307
BRDA:96,21,0,0
BRDA:96,22,0,271
BRDA:96,23,0,332
BRDA:97,24,0,0
BRDA:97,25,0,329
BRDA:97,26,0,3
BRDA:98,27,0,0
BRDA:98,28,0,3
BRDA:99,29,0,1
BRDA:99,30,0,3
BRF:31
BRH:22
end_of_record
TN:
SF:src\ui\lcd.ts
FN:6,applyLcdForActivePage
FNF:1
FNH:1
FNDA:2,applyLcdForActivePage
DA:6,1
DA:7,2
DA:8,2
DA:9,2
DA:10,2
DA:12,2
DA:13,16
DA:14,16
DA:16,2
DA:17,2
DA:18,16
DA:19,16
DA:20,1
DA:21,1
DA:22,16
DA:23,1
DA:24,1
DA:25,1
DA:26,16
DA:27,2
DA:30,2
DA:31,2
DA:32,1
DA:33,8
DA:34,8
DA:35,8
DA:36,8
DA:37,1
DA:38,1
DA:39,1
DA:40,2
DA:43,2
DA:44,2
DA:45,2
DA:46,2
LF:35
LH:35
BRDA:6,0,0,2
BRDA:10,1,0,0
BRDA:10,2,0,0
BRDA:12,3,0,16
BRDA:17,4,0,16
BRDA:19,5,0,1
BRDA:21,6,0,0
BRDA:21,7,0,0
BRDA:22,8,0,15
BRDA:22,9,0,1
BRDA:22,10,0,0
BRDA:22,11,0,1
BRDA:24,12,0,0
BRDA:24,13,0,0
BRDA:31,14,0,1
BRDA:31,15,0,1
BRDA:32,16,0,8
BRDA:34,17,0,1
BRDA:34,18,0,7
BRDA:35,19,0,3
BRDA:35,20,0,5
BRDA:38,21,0,8
BRDA:45,22,0,0
BRF:23
BRH:15
end_of_record
TN:
SF:src\xtouch\constants.ts
FN:1,(empty-report)
FNF:1
FNH:1
FNDA:1,(empty-report)
DA:2,0
LF:1
LH:0
BRDA:1,0,0,1
BRF:1
BRH:1
end_of_record
TN:
SF:src\xtouch\driver.ts
FN:1,(empty-report)
FNF:1
FNH:0
FNDA:0,(empty-report)
DA:1,0
DA:35,0
DA:36,0
DA:37,0
DA:38,0
DA:39,0
DA:41,0
DA:42,0
DA:43,0
DA:44,0
DA:49,0
DA:50,0
DA:51,0
DA:52,0
DA:53,0
DA:54,0
DA:56,0
DA:57,0
DA:58,0
DA:59,0
DA:60,0
DA:61,0
DA:67,0
DA:69,0
DA:70,0
DA:71,0
DA:72,0
DA:73,0
DA:74,0
DA:75,0
DA:76,0
DA:77,0
DA:78,0
DA:79,0
DA:82,0
DA:83,0
DA:84,0
DA:85,0
DA:86,0
DA:87,0
DA:88,0
DA:89,0
DA:90,0
DA:91,0
DA:92,0
DA:93,0
DA:95,0
DA:96,0
DA:97,0
DA:98,0
DA:101,0
DA:102,0
DA:103,0
DA:104,0
DA:105,0
DA:106,0
DA:107,0
DA:108,0
DA:109,0
DA:112,0
DA:113,0
DA:114,0
DA:115,0
DA:116,0
DA:117,0
DA:118,0
DA:119,0
DA:120,0
DA:123,0
DA:124,0
DA:125,0
DA:126,0
DA:128,0
DA:129,0
DA:131,0
DA:132,0
DA:133,0
DA:134,0
DA:135,0
DA:136,0
DA:137,0
DA:138,0
DA:139,0
DA:140,0
DA:141,0
DA:142,0
DA:150,0
DA:151,0
DA:152,0
DA:155,0
DA:156,0
DA:157,0
DA:164,0
DA:165,0
DA:166,0
DA:167,0
DA:170,0
DA:171,0
DA:172,0
DA:173,0
DA:180,0
DA:181,0
DA:182,0
DA:183,0
DA:185,0
DA:186,0
DA:187,0
DA:188,0
DA:189,0
DA:198,0
DA:199,0
DA:200,0
DA:201,0
DA:202,0
DA:203,0
DA:204,0
DA:205,0
DA:206,0
DA:207,0
DA:208,0
DA:212,0
DA:213,0
DA:214,0
DA:215,0
DA:216,0
DA:217,0
DA:230,0
DA:231,0
DA:232,0
DA:233,0
DA:234,0
DA:235,0
DA:236,0
DA:237,0
DA:238,0
DA:239,0
DA:240,0
DA:241,0
DA:242,0
DA:243,0
DA:246,0
DA:247,0
DA:248,0
DA:249,0
DA:250,0
DA:251,0
DA:252,0
DA:253,0
DA:254,0
DA:255,0
DA:256,0
DA:257,0
DA:258,0
DA:264,0
DA:265,0
DA:266,0
DA:267,0
DA:268,0
DA:269,0
DA:270,0
DA:271,0
DA:272,0
DA:273,0
DA:274,0
DA:275,0
DA:276,0
DA:277,0
DA:278,0
DA:279,0
DA:280,0
DA:281,0
DA:282,0
DA:283,0
DA:284,0
DA:285,0
DA:286,0
DA:287,0
DA:288,0
DA:289,0
DA:290,0
DA:291,0
DA:292,0
DA:293,0
DA:294,0
DA:295,0
DA:296,0
DA:297,0
DA:298,0
DA:299,0
DA:300,0
DA:302,0
DA:303,0
DA:304,0
DA:305,0
DA:306,0
DA:307,0
DA:308,0
DA:309,0
LF:198
LH:0
BRDA:1,0,0,0
BRF:1
BRH:0
end_of_record
TN:
SF:src\xtouch\fkeys.ts
FN:1,(empty-report)
FNF:1
FNH:0
FNDA:0,(empty-report)
DA:1,0
DA:8,0
DA:9,0
DA:10,0
DA:11,0
DA:12,0
DA:13,0
DA:14,0
DA:15,0
DA:16,0
DA:19,0
DA:20,0
DA:21,0
DA:22,0
DA:23,0
LF:15
LH:0
BRDA:1,0,0,0
BRF:1
BRH:0
end_of_record
