TN:
SF:src\config.ts
FN:149,findConfigPath
FN:167,loadConfig
FN:183,watchConfig
FN:189,handler
FNF:4
FNH:4
FNDA:2,findConfigPath
FNDA:1,loadConfig
FNDA:1,watchConfig
FNDA:1,handler
DA:1,1
DA:142,1
DA:149,2
DA:150,2
DA:151,2
DA:152,2
DA:153,2
DA:154,2
DA:155,2
DA:157,0
DA:158,2
DA:159,0
DA:160,0
DA:167,1
DA:168,1
DA:169,1
DA:170,0
DA:171,0
DA:172,1
DA:173,1
DA:174,1
DA:183,1
DA:184,1
DA:185,1
DA:186,1
DA:187,1
DA:188,1
DA:189,1
DA:190,1
DA:191,1
DA:192,1
DA:193,1
DA:194,1
DA:195,0
DA:196,0
DA:197,1
DA:198,1
DA:199,1
DA:200,1
LF:39
LH:32
BRDA:149,0,0,2
BRDA:150,1,0,0
BRDA:155,2,0,0
BRDA:158,3,0,0
BRDA:167,4,0,1
BRDA:168,5,0,0
BRDA:169,6,0,0
BRDA:183,7,0,1
BRDA:189,8,0,1
BRDA:194,9,0,0
BRDA:199,10,0,1
BRF:11
BRH:5
end_of_record
TN:
SF:src\logger.ts
FN:15,setLogLevel
FN:19,getLogLevel
FN:23,shouldLog
FN:27,format
FN:46,error
FN:49,warn
FN:52,info
FN:55,debug
FN:58,trace
FNF:9
FNH:9
FNDA:5,setLogLevel
FNDA:1,getLogLevel
FNDA:63,shouldLog
FNDA:26,format
FNDA:1,error
FNDA:1,warn
FNDA:24,info
FNDA:9,debug
FNDA:28,trace
DA:1,1
DA:5,1
DA:6,1
DA:7,1
DA:8,1
DA:9,1
DA:10,1
DA:11,1
DA:13,1
DA:15,1
DA:16,5
DA:17,5
DA:19,1
DA:20,1
DA:21,1
DA:23,63
DA:24,63
DA:25,63
DA:27,26
DA:28,26
DA:29,26
DA:30,26
DA:31,26
DA:32,26
DA:33,1
DA:34,26
DA:35,1
DA:36,26
DA:37,24
DA:38,26
DA:39,0
DA:40,26
DA:41,0
DA:42,26
DA:43,26
DA:45,1
DA:46,1
DA:47,1
DA:48,1
DA:49,1
DA:50,1
DA:51,1
DA:52,1
DA:53,24
DA:54,24
DA:55,1
DA:56,9
DA:57,9
DA:58,1
DA:59,28
DA:60,28
DA:61,1
LF:52
LH:50
BRDA:15,0,0,5
BRDA:19,1,0,1
BRDA:23,2,0,63
BRDA:27,3,0,26
BRDA:32,4,0,1
BRDA:34,5,0,1
BRDA:36,6,0,24
BRDA:38,7,0,0
BRDA:40,8,0,0
BRDA:46,9,0,1
BRDA:49,10,0,1
BRDA:52,11,0,24
BRDA:55,12,0,9
BRDA:56,13,0,0
BRDA:58,14,0,28
BRDA:59,15,0,0
BRF:16
BRH:12
end_of_record
TN:
SF:src\router.ts
FN:24,<instance_members_initializer>
FN:54,Router
FN:67,registerDriver
FN:72,getActivePage
FN:77,getActivePageName
FN:82,listPages
FN:90,setActivePage
FN:111,nextPage
FN:119,prevPage
FN:132,handleControl
FN:153,updateConfig
FN:166,attachXTouch
FN:170,getAddrKeyWithoutPort
FN:171,markLocalActionTs
FN:180,onMidiFromApp
FN:216,markAppShadowForOutgoing
FN:227,markUserActionFromRaw
FN:246,refreshPage
FN:267,ensureLatencyMeters
FNF:19
FNH:17
FNDA:6,<instance_members_initializer>
FNDA:6,Router
FNDA:2,registerDriver
FNDA:14,getActivePage
FNDA:9,getActivePageName
FNDA:1,listPages
FNDA:2,setActivePage
FNDA:1,nextPage
FNDA:1,prevPage
FNDA:2,handleControl
FNDA:1,updateConfig
FNDA:1,attachXTouch
FNDA:3510,getAddrKeyWithoutPort
FNDA:1755,markLocalActionTs
FNDA:0,onMidiFromApp
FNDA:1,markAppShadowForOutgoing
FNDA:1,markUserActionFromRaw
FNDA:4,refreshPage
FNDA:0,ensureLatencyMeters
DA:1,1
DA:23,1
DA:24,1
DA:25,6
DA:26,6
DA:27,6
DA:28,6
DA:29,6
DA:30,6
DA:32,6
DA:37,6
DA:38,6
DA:39,6
DA:40,6
DA:41,6
DA:42,6
DA:47,6
DA:54,1
DA:55,6
DA:56,6
DA:57,6
DA:67,1
DA:68,2
DA:69,2
DA:72,1
DA:73,14
DA:74,14
DA:77,1
DA:78,9
DA:79,9
DA:82,1
DA:83,1
DA:84,1
DA:90,1
DA:91,2
DA:92,1
DA:93,1
DA:94,1
DA:95,1
DA:96,1
DA:97,1
DA:98,0
DA:99,0
DA:100,1
DA:101,1
DA:102,1
DA:103,1
DA:104,1
DA:105,1
DA:106,1
DA:107,0
DA:108,2
DA:111,1
DA:112,1
DA:113,1
DA:114,1
DA:115,1
DA:116,1
DA:119,1
DA:120,1
DA:121,1
DA:122,1
DA:123,1
DA:124,1
DA:125,1
DA:132,1
DA:133,2
DA:134,2
DA:135,2
DA:136,0
DA:137,0
DA:138,0
DA:139,2
DA:140,2
DA:141,1
DA:142,1
DA:143,1
DA:144,1
DA:145,1
DA:146,2
DA:147,2
DA:148,0
DA:149,0
DA:150,2
DA:153,1
DA:154,1
DA:155,1
DA:156,1
DA:157,1
DA:159,1
DA:160,1
DA:161,1
DA:162,1
DA:163,1
DA:166,1
DA:167,1
DA:168,1
DA:169,1
DA:170,1
DA:171,1
DA:172,1
DA:173,1
DA:174,1
DA:180,1
DA:181,0
DA:182,0
DA:184,0
DA:187,0
DA:190,0
DA:191,0
DA:192,0
DA:193,0
DA:194,0
DA:195,0
DA:196,0
DA:199,0
DA:200,0
DA:201,0
DA:202,0
DA:203,0
DA:204,0
DA:205,0
DA:206,0
DA:207,0
DA:208,0
DA:209,0
DA:210,0
DA:211,0
DA:212,0
DA:213,0
DA:216,1
DA:217,1
DA:218,1
DA:219,1
DA:220,1
DA:221,1
DA:222,1
DA:223,1
DA:224,1
DA:227,1
DA:228,1
DA:229,1
DA:230,1
DA:231,1
DA:232,1
DA:233,1
DA:234,0
DA:235,1
DA:236,1
DA:237,1
DA:238,1
DA:239,0
DA:240,0
DA:241,0
DA:242,1
DA:243,1
DA:246,1
DA:247,4
DA:248,3
DA:249,3
DA:251,3
DA:253,4
DA:256,3
DA:257,3
DA:258,3
DA:259,3
DA:260,3
DA:261,4
DA:262,4
DA:267,1
DA:268,0
DA:269,0
DA:270,0
DA:271,0
DA:272,0
DA:273,0
DA:274,0
DA:277,1
DA:280,1
LF:179
LH:134
BRDA:24,0,0,6
BRDA:54,1,0,6
BRDA:67,2,0,2
BRDA:72,3,0,14
BRDA:77,4,0,9
BRDA:78,5,0,0
BRDA:82,6,0,1
BRDA:83,7,0,2
BRDA:90,8,0,2
BRDA:91,9,0,1
BRDA:97,10,0,0
BRDA:106,11,0,0
BRDA:100,12,0,2
BRDA:111,13,0,1
BRDA:112,14,0,0
BRDA:119,15,0,1
BRDA:120,16,0,0
BRDA:132,17,0,2
BRDA:135,18,0,0
BRDA:140,19,0,1
BRDA:146,20,0,0
BRDA:146,21,0,1
BRDA:147,22,0,0
BRDA:153,23,0,1
BRDA:166,24,0,1
BRDA:170,25,0,3510
BRDA:171,26,0,1755
BRDA:216,27,0,1
BRDA:220,28,0,0
BRDA:223,29,0,0
BRDA:227,30,0,1
BRDA:228,31,0,0
BRDA:229,32,0,0
BRDA:230,33,0,0
BRDA:233,34,0,0
BRDA:236,35,0,0
BRDA:238,36,0,0
BRDA:246,37,0,4
BRDA:247,38,0,1
BRDA:247,39,0,3
BRDA:249,40,0,0
BRDA:253,41,0,3
BRDA:253,42,0,0
BRDA:259,43,0,0
BRF:44
BRH:25
end_of_record
TN:
SF:src\state.ts
FNF:0
FNH:0
DA:1,1
LF:1
LH:1
BRF:0
BRH:0
end_of_record
TN:
SF:src\animations\wave.ts
FN:17,playFadersWave
FN:39,delay
FNF:2
FNH:2
FNDA:2,playFadersWave
FNDA:2,delay
DA:17,2
DA:18,2
DA:19,2
DA:20,2
DA:21,2
DA:22,2
DA:23,2
DA:24,2
DA:25,2
DA:26,2
DA:27,1
DA:28,1
DA:29,1
DA:30,1
DA:31,1
DA:32,1
DA:33,1
DA:34,2
DA:35,2
DA:36,2
DA:37,2
DA:39,2
LF:22
LH:22
BRDA:17,0,0,2
BRDA:26,1,0,1
BRDA:31,2,0,0
BRDA:39,3,0,2
BRDA:39,4,0,2
BRF:5
BRH:4
end_of_record
TN:
SF:src\config\passthrough.ts
FN:6,getPagePassthroughItems
FNF:1
FNH:1
FNDA:27,getPagePassthroughItems
DA:6,1
DA:7,27
DA:8,27
DA:9,27
LF:4
LH:4
BRDA:6,0,0,27
BRDA:7,1,0,0
BRDA:8,2,0,0
BRF:3
BRH:1
end_of_record
TN:
SF:src\drivers\consoleDriver.ts
FN:1,(empty-report)
FNF:1
FNH:0
FNDA:0,(empty-report)
DA:1,0
DA:4,0
DA:5,0
DA:7,0
DA:8,0
DA:9,0
DA:11,0
DA:12,0
DA:13,0
DA:15,0
DA:16,0
DA:17,0
DA:18,0
LF:13
LH:0
BRDA:1,0,0,0
BRF:1
BRH:0
end_of_record
TN:
SF:src\drivers\midiBridge.ts
FN:24,MidiBridgeDriver
FN:34,init
FN:143,execute
FN:147,shutdown
FNF:4
FNH:3
FNDA:1,MidiBridgeDriver
FNDA:1,init
FNDA:0,execute
FNDA:1,shutdown
DA:1,1
DA:15,1
DA:16,1
DA:17,1
DA:18,1
DA:19,1
DA:21,1
DA:22,1
DA:24,1
DA:25,1
DA:26,1
DA:27,1
DA:28,1
DA:29,1
DA:30,1
DA:31,1
DA:32,1
DA:34,1
DA:35,1
DA:36,1
DA:37,1
DA:38,1
DA:39,0
DA:40,0
DA:41,0
DA:42,0
DA:43,0
DA:44,0
DA:45,1
DA:46,1
DA:47,1
DA:48,1
DA:50,1
DA:51,1
DA:52,1
DA:53,0
DA:54,0
DA:55,0
DA:56,0
DA:57,0
DA:58,0
DA:59,1
DA:60,1
DA:61,1
DA:62,0
DA:63,0
DA:65,0
DA:68,0
DA:69,0
DA:70,0
DA:71,0
DA:72,0
DA:73,0
DA:74,1
DA:75,1
DA:76,1
DA:77,1
DA:79,1
DA:80,1
DA:81,2
DA:83,2
DA:84,2
DA:85,2
DA:86,0
DA:87,0
DA:88,0
DA:89,2
DA:90,2
DA:91,2
DA:92,2
DA:93,0
DA:94,0
DA:95,0
DA:96,2
DA:97,2
DA:99,2
DA:100,2
DA:101,1
DA:102,1
DA:103,1
DA:104,1
DA:105,1
DA:106,1
DA:107,1
DA:108,0
DA:109,0
DA:110,1
DA:111,1
DA:112,1
DA:113,1
DA:114,1
DA:115,1
DA:116,1
DA:117,1
DA:118,1
DA:119,1
DA:120,1
DA:121,1
DA:122,2
DA:124,2
DA:127,2
DA:128,0
DA:129,0
DA:130,2
DA:131,0
DA:132,0
DA:133,1
DA:134,1
DA:136,1
DA:137,1
DA:138,0
DA:139,0
DA:140,0
DA:141,1
DA:143,1
DA:147,1
DA:148,1
DA:149,1
DA:150,1
DA:151,1
DA:152,1
DA:153,1
DA:154,1
DA:155,1
DA:156,1
LF:125
LH:89
BRDA:24,0,0,1
BRDA:34,1,0,1
BRDA:38,2,0,0
BRDA:52,3,0,0
BRDA:137,4,0,0
BRDA:80,5,0,2
BRDA:83,6,0,0
BRDA:85,7,0,1
BRDA:85,8,0,0
BRDA:89,9,0,0
BRDA:89,10,0,0
BRDA:92,11,0,0
BRDA:100,12,0,1
BRDA:102,13,0,0
BRDA:103,14,0,0
BRDA:107,15,0,0
BRDA:122,16,0,0
BRDA:124,17,0,0
BRDA:124,18,0,0
BRDA:127,19,0,0
BRDA:130,20,0,0
BRDA:110,21,0,1
BRDA:116,22,0,0
BRDA:147,23,0,1
BRDA:148,24,0,0
BRDA:149,25,0,0
BRDA:152,26,0,0
BRF:27
BRH:7
end_of_record
TN:
SF:src\drivers\obs.ts
FN:1,(empty-report)
FNF:1
FNH:0
FNDA:0,(empty-report)
DA:1,0
DA:4,0
DA:5,0
DA:7,0
DA:8,0
DA:9,0
DA:11,0
DA:12,0
DA:13,0
DA:14,0
LF:10
LH:0
BRDA:1,0,0,0
BRF:1
BRH:0
end_of_record
TN:
SF:src\drivers\qlc.ts
FN:1,(empty-report)
FNF:1
FNH:0
FNDA:0,(empty-report)
DA:1,0
DA:4,0
DA:5,0
DA:7,0
DA:8,0
DA:9,0
DA:11,0
DA:12,0
DA:13,0
DA:14,0
LF:10
LH:0
BRDA:1,0,0,0
BRF:1
BRH:0
end_of_record
TN:
SF:src\drivers\voicemeeter.ts
FN:20,VoicemeeterDriver
FN:26,init
FN:73,execute
FN:80,shutdown
FNF:4
FNH:3
FNDA:1,VoicemeeterDriver
FNDA:1,init
FNDA:0,execute
FNDA:1,shutdown
DA:1,1
DA:14,1
DA:15,1
DA:16,1
DA:17,1
DA:18,1
DA:20,1
DA:21,1
DA:22,1
DA:23,1
DA:24,1
DA:26,1
DA:28,1
DA:29,1
DA:30,1
DA:31,0
DA:32,0
DA:33,0
DA:34,1
DA:35,1
DA:36,1
DA:39,1
DA:40,1
DA:41,1
DA:42,0
DA:43,0
DA:44,0
DA:45,0
DA:46,0
DA:47,1
DA:48,1
DA:50,0
DA:51,0
DA:52,0
DA:53,1
DA:54,1
DA:55,1
DA:56,1
DA:59,1
DA:61,1
DA:62,1
DA:64,1
DA:65,1
DA:66,0
DA:67,0
DA:68,1
DA:70,1
DA:71,1
DA:73,1
DA:77,0
DA:78,0
DA:80,1
DA:81,1
DA:82,1
DA:83,1
DA:84,1
DA:85,1
DA:86,1
DA:87,1
DA:88,1
DA:89,1
LF:61
LH:46
BRDA:20,0,0,1
BRDA:26,1,0,1
BRDA:30,2,0,0
BRDA:41,3,0,0
BRDA:59,4,0,1
BRDA:64,5,0,0
BRDA:64,6,0,0
BRDA:65,7,0,0
BRDA:80,8,0,1
BRDA:81,9,0,0
BRDA:82,10,0,0
BRF:11
BRH:4
end_of_record
TN:
SF:src\midi\decoder.ts
FN:78,computeRelativeDelta
FN:86,decodeMidi
FN:144,formatDecoded
FNF:3
FNH:3
FNDA:3,computeRelativeDelta
FNDA:40,decodeMidi
FNDA:1,formatDecoded
DA:78,3
DA:80,3
DA:81,3
DA:82,3
DA:83,0
DA:84,0
DA:86,1
DA:87,40
DA:88,40
DA:89,40
DA:90,1
DA:91,1
DA:92,40
DA:93,1
DA:94,1
DA:95,40
DA:96,1
DA:97,1
DA:99,37
DA:100,37
DA:101,40
DA:102,40
DA:104,40
DA:105,40
DA:107,1
DA:108,1
DA:109,40
DA:111,4
DA:112,3
DA:113,3
DA:114,40
DA:115,0
DA:116,0
DA:117,40
DA:118,3
DA:119,3
DA:120,3
DA:121,3
DA:122,3
DA:123,3
DA:124,3
DA:125,3
DA:126,3
DA:127,3
DA:128,40
DA:129,0
DA:130,0
DA:131,40
DA:132,0
DA:133,0
DA:134,40
DA:135,29
DA:136,29
DA:137,29
DA:138,29
DA:139,40
DA:140,0
DA:141,40
DA:142,40
DA:144,1
DA:145,1
DA:146,1
DA:147,0
DA:148,1
DA:149,0
DA:150,1
DA:151,0
DA:152,0
DA:153,0
DA:154,1
DA:155,0
DA:156,1
DA:157,0
DA:158,1
DA:159,0
DA:160,1
DA:161,0
DA:162,1
DA:163,1
DA:164,1
DA:165,0
DA:166,1
DA:167,0
DA:168,1
DA:169,1
DA:170,0
DA:171,1
DA:172,1
LF:88
LH:67
BRDA:78,0,0,3
BRDA:80,1,0,1
BRDA:80,2,0,2
BRDA:81,3,0,1
BRDA:82,4,0,1
BRDA:82,5,0,0
BRDA:86,6,0,40
BRDA:87,7,0,0
BRDA:89,8,0,1
BRDA:91,9,0,39
BRDA:92,10,0,1
BRDA:94,11,0,38
BRDA:95,12,0,1
BRDA:97,13,0,37
BRDA:101,14,0,0
BRDA:102,15,0,0
BRDA:105,16,0,1
BRDA:109,17,0,4
BRDA:111,18,0,3
BRDA:111,19,0,1
BRDA:114,20,0,0
BRDA:117,21,0,3
BRDA:128,22,0,0
BRDA:131,23,0,0
BRDA:134,24,0,29
BRDA:139,25,0,0
BRDA:144,26,0,1
BRDA:146,27,0,0
BRDA:148,28,0,0
BRDA:150,29,0,0
BRDA:154,30,0,0
BRDA:156,31,0,0
BRDA:158,32,0,0
BRDA:160,33,0,0
BRDA:164,34,0,0
BRDA:166,35,0,0
BRDA:168,36,0,0
BRDA:169,37,0,0
BRF:38
BRH:19
end_of_record
TN:
SF:src\midi\filter.ts
FN:6,matchFilter
FNF:1
FNH:1
FNDA:9,matchFilter
DA:6,1
DA:7,9
DA:8,9
DA:9,9
DA:10,9
DA:12,9
DA:14,7
DA:15,9
DA:16,9
DA:17,9
DA:18,9
DA:19,9
DA:20,9
DA:22,9
DA:23,5
DA:24,2
DA:25,1
DA:26,1
DA:27,0
DA:28,1
DA:29,1
DA:30,0
DA:31,0
DA:32,0
DA:33,0
DA:34,0
DA:35,0
DA:36,0
DA:38,9
DA:40,9
DA:41,2
DA:42,2
DA:43,2
DA:44,9
DA:45,1
DA:46,1
DA:47,1
DA:49,4
DA:50,4
LF:39
LH:31
BRDA:6,0,0,9
BRDA:7,1,0,1
BRDA:7,2,0,8
BRDA:8,3,0,0
BRDA:12,4,0,4
BRDA:12,5,0,1
BRDA:12,6,0,7
BRDA:14,7,0,6
BRDA:14,8,0,0
BRDA:15,9,0,7
BRDA:15,10,0,6
BRDA:15,11,0,0
BRDA:22,12,0,5
BRDA:23,13,0,2
BRDA:24,14,0,1
BRDA:25,15,0,1
BRDA:26,16,0,0
BRDA:29,17,0,0
BRDA:38,18,0,3
BRDA:38,19,0,1
BRDA:38,20,0,6
BRDA:40,21,0,2
BRDA:40,22,0,5
BRDA:40,23,0,2
BRDA:41,24,0,0
BRDA:42,25,0,1
BRDA:43,26,0,5
BRDA:44,27,0,2
BRDA:44,28,0,4
BRDA:44,29,0,1
BRDA:45,30,0,0
BRDA:47,31,0,4
BRF:32
BRH:25
end_of_record
TN:
SF:src\midi\ports.ts
FN:3,findPortIndexByNameFragment
FNF:1
FNH:1
FNDA:3,findPortIndexByNameFragment
DA:3,1
DA:4,3
DA:5,3
DA:6,3
DA:7,3
DA:8,3
DA:9,3
DA:10,7
DA:11,7
DA:12,7
DA:13,1
DA:14,1
LF:12
LH:12
BRDA:3,0,0,3
BRDA:9,1,0,7
BRDA:10,2,0,0
BRDA:11,3,0,2
BRDA:12,4,0,1
BRF:5
BRH:4
end_of_record
TN:
SF:src\midi\sniffer.ts
FN:10,listInputPorts
FN:33,MidiInputSniffer
FN:35,openByIndex
FN:56,openByName
FN:64,close
FNF:5
FNH:5
FNDA:2,listInputPorts
FNDA:1,MidiInputSniffer
FNDA:1,openByIndex
FNDA:1,openByName
FNDA:2,close
DA:1,1
DA:10,1
DA:11,2
DA:12,2
DA:13,2
DA:14,2
DA:15,4
DA:16,4
DA:17,4
DA:18,2
DA:19,2
DA:20,2
DA:29,1
DA:30,1
DA:31,1
DA:33,1
DA:35,1
DA:36,1
DA:37,1
DA:38,1
DA:39,1
DA:40,1
DA:41,1
DA:42,1
DA:43,1
DA:44,1
DA:45,1
DA:46,1
DA:47,1
DA:48,1
DA:49,1
DA:50,1
DA:51,1
DA:52,1
DA:53,1
DA:54,1
DA:56,1
DA:57,1
DA:58,1
DA:59,1
DA:60,1
DA:61,1
DA:62,1
DA:64,1
DA:65,2
DA:66,1
DA:67,1
DA:68,1
DA:69,1
DA:70,1
DA:71,1
DA:72,2
DA:73,1
LF:53
LH:53
BRDA:10,0,0,2
BRDA:14,1,0,4
BRDA:33,2,0,1
BRDA:35,3,0,1
BRDA:39,4,0,1
BRDA:56,5,0,1
BRDA:59,6,0,0
BRDA:58,7,0,2
BRDA:64,8,0,2
BRDA:65,9,0,1
BRDA:68,10,0,0
BRF:11
BRH:9
end_of_record
TN:
SF:src\midi\testDsl.ts
FN:7,toInt
FN:13,parseCommand
FN:47,parseSequence
FNF:3
FNH:3
FNDA:7,toInt
FNDA:3,parseCommand
FNDA:1,parseSequence
DA:7,1
DA:8,7
DA:9,7
DA:10,7
DA:11,7
DA:13,1
DA:14,3
DA:15,3
DA:16,3
DA:17,3
DA:18,3
DA:19,3
DA:20,7
DA:21,7
DA:22,7
DA:23,3
DA:24,1
DA:25,1
DA:26,1
DA:27,3
DA:28,3
DA:29,1
DA:30,1
DA:31,1
DA:32,1
DA:33,1
DA:34,1
DA:35,1
DA:36,1
DA:37,3
DA:38,3
DA:39,3
DA:40,3
DA:41,3
DA:42,3
DA:43,3
DA:44,3
DA:45,3
DA:47,1
DA:48,1
DA:49,1
LF:41
LH:41
BRDA:7,0,0,7
BRDA:8,1,0,0
BRDA:10,2,0,0
BRDA:13,3,0,3
BRDA:15,4,0,0
BRDA:19,5,0,7
BRDA:23,6,0,1
BRDA:24,7,0,0
BRDA:26,8,0,2
BRDA:27,9,0,0
BRDA:28,10,0,1
BRDA:28,11,0,1
BRDA:29,12,0,0
BRDA:29,13,0,0
BRDA:30,14,0,0
BRDA:37,15,0,0
BRDA:38,16,0,0
BRDA:38,17,0,1
BRDA:38,18,0,0
BRDA:39,19,0,0
BRDA:39,20,0,1
BRDA:40,21,0,0
BRDA:41,22,0,0
BRDA:41,23,0,1
BRDA:41,24,0,0
BRDA:43,25,0,0
BRDA:43,26,0,1
BRDA:43,27,0,0
BRDA:47,28,0,1
BRDA:48,29,0,3
BRDA:48,30,0,3
BRF:31
BRH:14
end_of_record
TN:
SF:src\midi\transform.ts
FN:7,applyTransform
FNF:1
FNH:1
FNDA:5,applyTransform
DA:1,1
DA:7,1
DA:8,5
DA:10,3
DA:11,1
DA:12,1
DA:13,1
DA:14,1
DA:15,1
DA:16,1
DA:17,1
DA:18,1
DA:19,1
DA:20,1
DA:21,1
DA:22,1
DA:23,1
DA:26,2
DA:27,2
DA:28,2
DA:29,2
DA:30,1
DA:31,1
DA:32,1
DA:33,1
DA:34,1
DA:35,1
DA:36,1
DA:37,1
DA:39,1
DA:40,1
DA:41,1
DA:42,1
DA:43,1
DA:44,1
DA:45,1
DA:46,1
DA:47,1
DA:48,1
DA:49,1
DA:50,2
DA:52,1
DA:53,1
LF:43
LH:43
BRDA:7,0,0,5
BRDA:8,1,0,2
BRDA:8,2,0,3
BRDA:10,3,0,1
BRDA:11,4,0,0
BRDA:15,5,0,0
BRDA:16,6,0,0
BRDA:19,7,0,0
BRDA:23,8,0,2
BRDA:27,9,0,0
BRDA:29,10,0,1
BRDA:32,11,0,0
BRDA:33,12,0,0
BRDA:36,13,0,0
BRDA:39,14,0,0
BRDA:41,15,0,0
BRDA:50,16,0,1
BRF:17
BRH:7
end_of_record
TN:
SF:src\midi\utils.ts
FN:6,hex
FN:13,human
FN:39,parseNumberMaybeHex
FN:56,getTypeNibble
FN:61,isPB
FN:63,isCC
FN:65,isNoteOn
FN:67,isNoteOff
FN:72,pb14FromRaw
FN:80,rawFromPb14
FNF:10
FNH:10
FNDA:30,hex
FNDA:29,human
FNDA:7,parseNumberMaybeHex
FNDA:14,getTypeNibble
FNDA:4,isPB
FNDA:2,isCC
FNDA:1,isNoteOn
FNDA:1,isNoteOff
FNDA:107,pb14FromRaw
FNDA:134,rawFromPb14
DA:1,1
DA:6,1
DA:7,30
DA:8,30
DA:13,1
DA:14,29
DA:15,29
DA:16,29
DA:17,0
DA:18,0
DA:19,0
DA:20,0
DA:21,29
DA:22,1
DA:23,1
DA:24,1
DA:25,1
DA:26,1
DA:27,28
DA:28,28
DA:29,28
DA:30,0
DA:31,0
DA:32,0
DA:33,0
DA:34,29
DA:39,1
DA:40,7
DA:41,7
DA:42,5
DA:43,5
DA:45,5
DA:46,4
DA:47,2
DA:48,4
DA:49,5
DA:50,1
DA:51,1
DA:56,1
DA:57,14
DA:58,14
DA:61,1
DA:63,1
DA:65,1
DA:67,1
DA:72,1
DA:73,107
DA:74,107
DA:80,1
DA:81,134
DA:82,134
DA:83,134
DA:84,134
DA:85,134
DA:86,134
DA:87,134
LF:56
LH:48
BRDA:6,0,0,30
BRDA:7,1,0,90
BRDA:13,2,0,29
BRDA:16,3,0,0
BRDA:21,4,0,28
BRDA:21,5,0,1
BRDA:24,6,0,0
BRDA:26,7,0,28
BRDA:29,8,0,0
BRDA:39,9,0,7
BRDA:40,10,0,1
BRDA:40,11,0,6
BRDA:41,12,0,1
BRDA:41,13,0,6
BRDA:41,14,0,1
BRDA:41,15,0,5
BRDA:45,16,0,2
BRDA:45,17,0,4
BRDA:45,18,0,3
BRDA:46,19,0,1
BRDA:46,20,0,2
BRDA:48,21,0,1
BRDA:49,22,0,1
BRDA:56,23,0,14
BRDA:61,24,0,4
BRDA:63,25,0,2
BRDA:65,26,0,1
BRDA:67,27,0,1
BRDA:72,28,0,107
BRDA:80,29,0,134
BRF:30
BRH:27
end_of_record
TN:
SF:src\router\antiEcho.ts
FN:11,midiValueEquals
FN:27,getAntiLoopMs
FNF:2
FNH:2
FNDA:8,midiValueEquals
FNDA:1763,getAntiLoopMs
DA:11,1
DA:12,8
DA:13,2
DA:14,2
DA:15,1
DA:16,1
DA:17,6
DA:18,6
DA:27,1
DA:28,1763
DA:29,1763
DA:30,1763
DA:31,1763
DA:32,1763
LF:14
LH:14
BRDA:11,0,0,8
BRDA:12,1,0,2
BRDA:12,2,0,2
BRDA:13,3,0,0
BRDA:14,4,0,6
BRDA:14,5,0,1
BRDA:14,6,0,1
BRDA:16,7,0,6
BRDA:27,8,0,1763
BRDA:31,9,0,1
BRF:10
BRH:9
end_of_record
TN:
SF:src\router\emit.ts
FN:28,makeXTouchEmitter
FN:35,entryToRaw
FN:67,emitIfNotDuplicate
FN:82,send
FN:109,clearShadow
FNF:5
FNH:5
FNDA:2,makeXTouchEmitter
FNDA:1759,entryToRaw
FNDA:1759,emitIfNotDuplicate
FNDA:5,send
FNDA:3,clearShadow
DA:1,1
DA:28,1
DA:29,2
DA:30,2
DA:31,2
DA:32,2
DA:33,2
DA:35,2
DA:36,1759
DA:37,1759
DA:38,1759
DA:39,866
DA:40,866
DA:41,866
DA:42,866
DA:43,866
DA:44,866
DA:45,1759
DA:46,865
DA:47,865
DA:48,865
DA:49,865
DA:50,865
DA:51,865
DA:52,1759
DA:53,28
DA:54,28
DA:55,28
DA:56,28
DA:57,28
DA:58,1759
DA:59,0
DA:60,0
DA:61,0
DA:62,1759
DA:63,0
DA:64,1759
DA:65,1759
DA:67,2
DA:68,1759
DA:69,1759
DA:70,1759
DA:71,1759
DA:72,1759
DA:73,1
DA:74,1
DA:75,1759
DA:76,1759
DA:77,1758
DA:78,1758
DA:79,1759
DA:82,2
DA:84,5
DA:85,5
DA:86,5
DA:87,5
DA:90,5
DA:92,5
DA:93,5
DA:94,20
DA:95,1759
DA:96,1759
DA:97,1759
DA:98,1755
DA:99,1755
DA:100,1759
DA:101,1759
DA:102,27
DA:103,27
DA:104,1759
DA:105,20
DA:106,5
DA:109,2
DA:110,3
DA:111,3
DA:113,2
DA:114,2
LF:77
LH:73
BRDA:28,0,0,2
BRDA:35,1,0,1759
BRDA:38,2,0,866
BRDA:39,3,0,0
BRDA:41,4,0,0
BRDA:42,5,0,0
BRDA:45,6,0,865
BRDA:46,7,0,0
BRDA:48,8,0,0
BRDA:49,9,0,0
BRDA:52,10,0,28
BRDA:53,11,0,0
BRDA:54,12,0,0
BRDA:58,13,0,0
BRDA:62,14,0,0
BRDA:67,15,0,1759
BRDA:72,16,0,1
BRDA:72,17,0,1
BRDA:72,18,0,1
BRDA:74,19,0,1758
BRDA:75,20,0,0
BRDA:76,21,0,0
BRDA:76,22,0,1758
BRDA:82,23,0,5
BRDA:90,24,0,0
BRDA:93,25,0,20
BRDA:94,26,0,1759
BRDA:96,27,0,0
BRDA:97,28,0,1755
BRDA:98,29,0,0
BRDA:101,30,0,1755
BRDA:101,31,0,27
BRDA:102,32,0,0
BRDA:84,33,0,1759
BRDA:85,34,0,1759
BRDA:86,35,0,1759
BRDA:87,36,0,1759
BRDA:109,37,0,3
BRF:38
BRH:22
end_of_record
TN:
SF:src\router\forward.ts
FN:21,forwardFromApp
FNF:1
FNH:1
FNDA:3,forwardFromApp
DA:1,1
DA:21,1
DA:22,3
DA:23,3
DA:24,3
DA:25,3
DA:26,3
DA:27,3
DA:28,3
DA:30,3
DA:31,3
DA:32,3
DA:34,3
DA:35,3
DA:36,3
DA:37,3
DA:38,1
DA:39,1
DA:40,1
DA:41,1
DA:42,1
DA:43,1
DA:44,1
DA:46,2
DA:47,2
DA:49,2
DA:50,3
DA:51,3
DA:52,3
DA:53,1
DA:54,1
DA:55,1
DA:56,1
LF:33
LH:33
BRDA:21,0,0,3
BRDA:26,1,0,0
BRDA:28,2,0,0
BRDA:32,3,0,0
BRDA:37,4,0,1
BRDA:39,5,0,0
BRDA:44,6,0,2
BRDA:47,7,0,0
BRDA:47,8,0,2
BRDA:50,9,0,1
BRDA:51,10,0,2
BRDA:51,11,0,0
BRDA:52,12,0,1
BRF:13
BRH:7
end_of_record
TN:
SF:src\router\latency.ts
FN:5,<instance_members_initializer>
FN:9,record
FN:15,reset
FN:20,summary
FN:23,pct
FN:32,attachLatencyExtensions
FN:33,getLatencyReport
FN:46,resetLatency
FN:56,getAntiLoopMs
FNF:9
FNH:9
FNDA:5,<instance_members_initializer>
FNDA:2,record
FNDA:5,reset
FNDA:10,summary
FNDA:20,pct
FNDA:3,attachLatencyExtensions
FNDA:2,getLatencyReport
FNDA:1,resetLatency
FNDA:1,getAntiLoopMs
DA:4,1
DA:5,1
DA:6,5
DA:7,5
DA:9,1
DA:10,2
DA:11,2
DA:12,2
DA:13,2
DA:15,1
DA:16,5
DA:17,5
DA:18,5
DA:20,1
DA:21,10
DA:22,10
DA:23,10
DA:24,10
DA:25,10
DA:26,10
DA:27,1
DA:32,1
DA:33,3
DA:34,2
DA:35,2
DA:36,2
DA:37,2
DA:38,2
DA:39,2
DA:40,8
DA:41,8
DA:42,2
DA:43,2
DA:44,2
DA:46,3
DA:47,1
DA:48,1
DA:49,1
DA:50,1
DA:51,4
DA:52,4
DA:53,1
DA:54,1
DA:56,3
DA:57,1
DA:58,1
DA:59,1
DA:60,3
LF:48
LH:48
BRDA:5,0,0,5
BRDA:9,1,0,2
BRDA:12,2,0,0
BRDA:15,3,0,5
BRDA:20,4,0,10
BRDA:24,5,0,9
BRDA:24,6,0,1
BRDA:21,7,0,1
BRDA:23,8,0,20
BRDA:23,9,0,18
BRDA:23,10,0,2
BRDA:32,11,0,3
BRDA:33,12,0,2
BRDA:39,13,0,8
BRDA:46,14,0,1
BRDA:50,15,0,4
BRDA:56,16,0,1
BRDA:58,17,0,0
BRF:18
BRH:16
end_of_record
TN:
SF:src\router\page.ts
FN:6,getAppsForPage
FN:14,getChannelsForApp
FN:39,resolvePbToCcMappingForApp
FN:63,transformAppToXTouch
FNF:4
FNH:4
FNDA:13,getAppsForPage
FNDA:6,getChannelsForApp
FNDA:8,resolvePbToCcMappingForApp
FNDA:3,transformAppToXTouch
DA:1,1
DA:6,1
DA:7,13
DA:8,13
DA:9,13
DA:10,0
DA:11,13
DA:12,13
DA:14,1
DA:15,6
DA:16,6
DA:17,6
DA:18,6
DA:19,6
DA:20,4
DA:21,4
DA:22,4
DA:23,4
DA:24,1
DA:25,1
DA:26,1
DA:27,1
DA:28,1
DA:29,4
DA:30,2
DA:31,2
DA:32,4
DA:33,6
DA:34,3
DA:35,3
DA:36,6
DA:37,6
DA:39,1
DA:40,8
DA:41,8
DA:42,8
DA:43,8
DA:44,8
DA:45,8
DA:46,4
DA:47,4
DA:48,4
DA:49,8
DA:50,8
DA:51,36
DA:52,36
DA:53,35
DA:54,35
DA:55,36
DA:56,0
DA:57,0
DA:58,36
DA:59,36
DA:60,8
DA:61,8
DA:63,1
DA:64,3
DA:65,3
DA:66,1
DA:67,1
DA:68,2
DA:69,2
DA:70,2
DA:71,2
DA:72,2
DA:73,2
DA:74,2
DA:75,2
DA:76,2
DA:77,2
DA:78,2
DA:79,2
DA:80,2
DA:81,2
DA:82,2
DA:83,2
DA:84,2
DA:85,2
DA:86,2
DA:87,2
DA:88,2
DA:89,2
DA:90,0
DA:91,0
LF:84
LH:79
BRDA:6,0,0,13
BRDA:9,1,0,0
BRDA:11,2,0,6
BRDA:11,3,0,7
BRDA:9,4,0,8
BRDA:14,5,0,6
BRDA:16,6,0,0
BRDA:19,7,0,4
BRDA:20,8,0,3
BRDA:21,9,0,3
BRDA:21,10,0,5
BRDA:22,11,0,3
BRDA:23,12,0,1
BRDA:23,13,0,1
BRDA:29,14,0,3
BRDA:29,15,0,2
BRDA:30,16,0,18
BRDA:33,17,0,3
BRDA:34,18,0,27
BRDA:17,19,0,4
BRDA:36,20,0,50
BRDA:39,21,0,8
BRDA:41,22,0,0
BRDA:44,23,0,5
BRDA:44,24,0,4
BRDA:45,25,0,4
BRDA:49,26,0,3
BRDA:49,27,0,1
BRDA:49,28,0,0
BRDA:50,29,0,4
BRDA:50,30,0,36
BRDA:51,31,0,9
BRDA:52,32,0,35
BRDA:52,33,0,35
BRDA:55,34,0,0
BRDA:60,35,0,0
BRDA:42,36,0,5
BRDA:43,37,0,5
BRDA:63,38,0,3
BRDA:65,39,0,2
BRDA:65,40,0,1
BRDA:67,41,0,2
BRDA:71,42,0,0
BRDA:72,43,0,0
BRDA:77,44,0,0
BRDA:78,45,0,0
BRDA:89,46,0,0
BRF:47
BRH:36
end_of_record
TN:
SF:src\router\planner.ts
FN:12,planRefresh
FN:18,pushNoteCandidate
FN:25,pushCcCandidate
FN:32,pushPbCandidate
FNF:4
FNH:4
FNDA:5,planRefresh
FNDA:1184,pushNoteCandidate
FNDA:1184,pushCcCandidate
FNDA:29,pushPbCandidate
DA:1,1
DA:12,1
DA:14,5
DA:15,5
DA:16,5
DA:18,5
DA:19,1184
DA:20,1184
DA:21,1184
DA:22,1184
DA:23,1184
DA:24,1184
DA:25,5
DA:26,1184
DA:27,1184
DA:28,1184
DA:29,1184
DA:30,1184
DA:31,1184
DA:32,5
DA:33,29
DA:34,29
DA:35,29
DA:36,29
DA:37,29
DA:39,5
DA:40,5
DA:41,5
DA:42,5
DA:45,5
DA:46,37
DA:47,37
DA:48,1
DA:49,1
DA:50,1
DA:51,1
DA:52,37
DA:53,37
DA:54,8
DA:55,8
DA:56,8
DA:57,0
DA:58,0
DA:59,0
DA:60,8
DA:61,8
DA:63,28
DA:64,28
DA:65,28
DA:68,5
DA:69,37
DA:70,1184
DA:71,1184
DA:72,1184
DA:73,0
DA:74,0
DA:75,1184
DA:76,1184
DA:77,1184
DA:78,1184
DA:79,1184
DA:80,37
DA:83,5
DA:84,37
DA:85,1184
DA:86,1184
DA:87,1184
DA:88,0
DA:89,0
DA:90,1184
DA:91,1184
DA:92,1184
DA:93,1184
DA:94,1184
DA:95,37
DA:96,5
DA:99,5
DA:100,5
DA:101,5
DA:102,5
DA:103,5
DA:104,5
LF:82
LH:75
BRDA:12,0,0,5
BRDA:45,1,0,37
BRDA:47,2,0,1
BRDA:51,3,0,36
BRDA:52,4,0,8
BRDA:53,5,0,8
BRDA:56,6,0,0
BRDA:61,7,0,28
BRDA:68,8,0,37
BRDA:69,9,0,1184
BRDA:72,10,0,0
BRDA:83,11,0,37
BRDA:84,12,0,1184
BRDA:87,13,0,0
BRDA:100,14,0,1184
BRDA:101,15,0,1184
BRDA:102,16,0,29
BRDA:18,17,0,1184
BRDA:19,18,0,0
BRDA:19,19,0,0
BRDA:21,20,0,0
BRDA:21,21,0,0
BRDA:25,22,0,1184
BRDA:26,23,0,0
BRDA:26,24,0,0
BRDA:28,25,0,0
BRDA:28,26,0,0
BRDA:32,27,0,29
BRDA:34,28,0,0
BRDA:34,29,0,0
BRF:30
BRH:17
end_of_record
TN:
SF:src\router\shadows.ts
FN:7,makeAppShadows
FN:10,getAppShadow
FN:19,addrKeyForXTouch
FN:23,addrKeyForApp
FNF:4
FNH:4
FNDA:7,makeAppShadows
FNDA:3,getAppShadow
FNDA:3512,addrKeyForXTouch
FNDA:2,addrKeyForApp
DA:1,1
DA:7,1
DA:8,7
DA:10,7
DA:11,3
DA:12,3
DA:13,2
DA:14,2
DA:15,2
DA:16,3
DA:17,3
DA:19,7
DA:20,3512
DA:21,3512
DA:23,7
DA:25,2
DA:26,2
DA:28,7
DA:29,7
LF:19
LH:19
BRDA:7,0,0,7
BRDA:10,1,0,3
BRDA:12,2,0,2
BRDA:19,3,0,3512
BRDA:23,4,0,2
BRF:5
BRH:5
end_of_record
TN:
SF:src\shared\addrKey.ts
FN:9,addrKeyWithoutPort
FNF:1
FNH:1
FNDA:3515,addrKeyWithoutPort
DA:1,1
DA:9,1
DA:10,3515
DA:11,3515
DA:12,3515
DA:13,3515
DA:14,3515
LF:7
LH:7
BRDA:9,0,0,3515
BRDA:11,1,0,0
BRDA:12,2,0,0
BRF:3
BRH:1
end_of_record
TN:
SF:src\shared\appKey.ts
FN:6,resolveAppKey
FN:19,resolveAppKeyFromPort
FNF:2
FNH:2
FNDA:22,resolveAppKey
FNDA:4,resolveAppKeyFromPort
DA:6,1
DA:7,22
DA:8,22
DA:9,22
DA:10,22
DA:11,22
DA:12,11
DA:13,1
DA:14,1
DA:19,1
DA:20,4
DA:21,4
DA:22,4
DA:23,4
DA:24,1
DA:25,1
LF:16
LH:16
BRDA:6,0,0,22
BRDA:7,1,0,0
BRDA:8,2,0,0
BRDA:10,3,0,17
BRDA:10,4,0,11
BRDA:10,5,0,5
BRDA:11,6,0,3
BRDA:11,7,0,11
BRDA:11,8,0,8
BRDA:11,9,0,3
BRDA:11,10,0,2
BRDA:12,11,0,1
BRDA:19,12,0,4
BRDA:20,13,0,0
BRDA:21,14,0,1
BRDA:21,15,0,3
BRDA:22,16,0,2
BRDA:22,17,0,1
BRDA:22,18,0,2
BRDA:23,19,0,1
BRF:20
BRH:17
end_of_record
TN:
SF:src\state\builders.ts
FN:12,buildEntryFromRaw
FNF:1
FNH:1
FNDA:6,buildEntryFromRaw
DA:1,1
DA:12,1
DA:13,6
DA:14,6
DA:15,6
DA:16,6
DA:18,6
DA:19,1
DA:20,1
DA:21,1
DA:22,1
DA:23,1
DA:24,1
DA:25,1
DA:26,1
DA:27,1
DA:28,1
DA:29,1
DA:30,6
DA:32,5
DA:33,5
DA:35,6
DA:36,1
DA:37,1
DA:38,1
DA:39,1
DA:40,1
DA:41,1
DA:42,1
DA:43,1
DA:44,1
DA:45,1
DA:46,6
DA:47,2
DA:48,2
DA:49,2
DA:50,2
DA:51,2
DA:52,2
DA:53,2
DA:54,2
DA:55,2
DA:56,5
DA:57,1
DA:58,1
DA:59,1
DA:60,1
DA:61,1
DA:62,1
DA:63,1
DA:64,1
DA:65,1
DA:66,1
DA:67,1
DA:68,1
LF:55
LH:55
BRDA:12,0,0,6
BRDA:13,1,0,0
BRDA:15,2,0,0
BRDA:16,3,0,1
BRDA:18,4,0,1
BRDA:29,5,0,5
BRDA:30,6,0,0
BRDA:30,7,0,5
BRDA:35,8,0,4
BRDA:35,9,0,1
BRDA:36,10,0,0
BRDA:45,11,0,4
BRDA:46,12,0,2
BRDA:55,13,0,5
BRDA:55,14,0,2
BRDA:56,15,0,1
BRF:16
BRH:12
end_of_record
TN:
SF:src\state\persistence.ts
FN:13,setupStatePersistence
FN:21,flushJournal
FN:30,onStateUpsert
FN:35,unsubState
FN:50,stopSnapshot
FNF:5
FNH:4
FNDA:1,setupStatePersistence
FNDA:1,flushJournal
FNDA:1,onStateUpsert
FNDA:0,unsubState
FNDA:1,stopSnapshot
DA:1,1
DA:13,1
DA:14,1
DA:15,1
DA:16,1
DA:17,1
DA:18,1
DA:19,1
DA:20,1
DA:21,1
DA:22,1
DA:23,1
DA:24,1
DA:25,1
DA:26,1
DA:27,1
DA:28,1
DA:29,1
DA:30,1
DA:31,1
DA:32,1
DA:33,1
DA:34,1
DA:35,1
DA:36,1
DA:37,1
DA:38,1
DA:39,1
DA:40,1
DA:41,1
DA:42,1
DA:43,4
DA:44,4
DA:45,1
DA:46,1
DA:47,1
DA:48,1
DA:49,1
DA:50,1
DA:51,1
DA:52,1
LF:41
LH:41
BRDA:13,0,0,1
BRDA:17,1,0,0
BRDA:21,2,0,1
BRDA:22,3,0,0
BRDA:27,4,0,0
BRDA:30,5,0,1
BRDA:39,6,0,1
BRDA:42,7,0,4
BRDA:43,8,0,0
BRDA:46,9,0,0
BRDA:50,10,0,1
BRDA:50,11,0,0
BRF:12
BRH:6
end_of_record
TN:
SF:src\state\store.ts
FN:9,<instance_members_initializer>
FN:12,StateStore
FN:16,initializeAppStates
FN:25,updateFromFeedback
FN:44,getStateForApp
FN:55,listStatesForApp
FN:64,listStatesForApps
FN:76,subscribe
FN:84,getKnownLatestForApp
FNF:9
FNH:8
FNDA:12,<instance_members_initializer>
FNDA:12,StateStore
FNDA:12,initializeAppStates
FNDA:8,updateFromFeedback
FNDA:1,getStateForApp
FNDA:6,listStatesForApp
FNDA:0,listStatesForApps
FNDA:2,subscribe
FNDA:4790,getKnownLatestForApp
DA:1,1
DA:8,1
DA:9,1
DA:10,12
DA:12,1
DA:13,12
DA:14,12
DA:16,1
DA:17,12
DA:18,48
DA:19,48
DA:20,12
DA:25,1
DA:26,8
DA:27,8
DA:28,8
DA:29,8
DA:30,8
DA:31,8
DA:32,8
DA:33,8
DA:34,8
DA:35,8
DA:36,8
DA:37,2
DA:38,2
DA:39,8
DA:44,1
DA:45,1
DA:46,1
DA:47,1
DA:48,1
DA:49,1
DA:50,1
DA:55,1
DA:56,6
DA:57,6
DA:58,6
DA:59,6
DA:64,1
DA:65,0
DA:66,0
DA:67,0
DA:68,0
DA:69,0
DA:70,0
DA:76,1
DA:77,2
DA:78,2
DA:79,2
DA:84,1
DA:85,4790
DA:86,4790
DA:87,4790
DA:88,4790
DA:89,4790
DA:90,4790
DA:91,4790
DA:92,4790
DA:93,4790
DA:94,2356
DA:95,2356
DA:96,2356
DA:97,2356
DA:98,3
DA:99,2356
DA:100,2356
DA:101,4790
DA:102,4790
DA:103,1
LF:70
LH:64
BRDA:9,0,0,12
BRDA:12,1,0,12
BRDA:16,2,0,12
BRDA:17,3,0,48
BRDA:25,4,0,8
BRDA:27,5,0,0
BRDA:36,6,0,2
BRDA:37,7,0,0
BRDA:44,8,0,1
BRDA:46,9,0,0
BRDA:49,10,0,0
BRDA:55,11,0,6
BRDA:57,12,0,0
BRDA:76,13,0,2
BRDA:78,14,0,2
BRDA:84,15,0,4790
BRDA:91,16,0,0
BRDA:93,17,0,2356
BRDA:95,18,0,1753
BRDA:95,19,0,603
BRDA:96,20,0,307
BRDA:96,21,0,0
BRDA:96,22,0,271
BRDA:96,23,0,332
BRDA:97,24,0,0
BRDA:97,25,0,329
BRDA:97,26,0,3
BRDA:98,27,0,0
BRDA:98,28,0,3
BRDA:99,29,0,1
BRDA:99,30,0,3
BRF:31
BRH:22
end_of_record
TN:
SF:src\ui\lcd.ts
FN:6,applyLcdForActivePage
FNF:1
FNH:1
FNDA:2,applyLcdForActivePage
DA:6,1
DA:7,2
DA:8,2
DA:9,2
DA:10,2
DA:12,2
DA:13,16
DA:14,16
DA:16,2
DA:17,2
DA:18,16
DA:19,16
DA:20,1
DA:21,1
DA:22,16
DA:23,1
DA:24,1
DA:25,1
DA:26,16
DA:27,2
DA:30,2
DA:31,2
DA:32,1
DA:33,8
DA:34,8
DA:35,8
DA:36,8
DA:37,1
DA:38,1
DA:39,1
DA:40,2
DA:43,2
DA:44,2
DA:45,2
DA:46,2
LF:35
LH:35
BRDA:6,0,0,2
BRDA:10,1,0,0
BRDA:10,2,0,0
BRDA:12,3,0,16
BRDA:17,4,0,16
BRDA:19,5,0,1
BRDA:21,6,0,0
BRDA:21,7,0,0
BRDA:22,8,0,15
BRDA:22,9,0,1
BRDA:22,10,0,0
BRDA:22,11,0,1
BRDA:24,12,0,0
BRDA:24,13,0,0
BRDA:31,14,0,1
BRDA:31,15,0,1
BRDA:32,16,0,8
BRDA:34,17,0,1
BRDA:34,18,0,7
BRDA:35,19,0,3
BRDA:35,20,0,5
BRDA:38,21,0,8
BRDA:45,22,0,0
BRF:23
BRH:15
end_of_record
TN:
SF:src\xtouch\api.ts
FN:5,sendNoteOn
FN:12,sendNoteOff
FN:16,sendControlChange
FN:23,sendPitchBend14
FN:29,setAllButtonsVelocity
FN:43,resetFadersToZero
FN:47,resetAll
FN:63,delay
FN:64,clamp
FNF:9
FNH:6
FNDA:4,sendNoteOn
FNDA:0,sendNoteOff
FNDA:2,sendControlChange
FNDA:5,sendPitchBend14
FNDA:1,setAllButtonsVelocity
FNDA:2,resetFadersToZero
FNDA:0,resetAll
FNDA:0,delay
FNDA:23,clamp
DA:1,1
DA:5,1
DA:6,4
DA:7,4
DA:8,4
DA:9,4
DA:10,4
DA:12,1
DA:13,0
DA:14,0
DA:16,1
DA:17,2
DA:18,2
DA:19,2
DA:20,2
DA:21,2
DA:23,1
DA:24,5
DA:25,5
DA:26,5
DA:27,5
DA:29,1
DA:30,1
DA:31,1
DA:32,1
DA:33,1
DA:34,1
DA:35,1
DA:36,1
DA:37,1
DA:38,3
DA:39,3
DA:40,3
DA:41,1
DA:43,2
DA:44,2
DA:45,2
DA:47,0
DA:53,0
DA:54,0
DA:55,0
DA:56,0
DA:57,0
DA:58,0
DA:59,0
DA:60,0
DA:61,0
DA:63,0
DA:64,23
LF:49
LH:36
BRDA:5,0,0,4
BRDA:16,1,0,2
BRDA:23,2,0,5
BRDA:29,3,0,1
BRDA:37,4,0,3
BRDA:39,5,0,0
BRDA:43,6,0,2
BRDA:44,7,0,3
BRDA:64,8,0,23
BRF:9
BRH:8
end_of_record
TN:
SF:src\xtouch\seg7.ts
FN:1,(empty-report)
FNF:1
FNH:1
FNDA:1,(empty-report)
DA:5,0
DA:6,0
DA:7,0
DA:8,0
DA:9,0
DA:10,0
DA:11,0
DA:12,0
DA:13,0
DA:14,0
DA:15,0
DA:16,0
DA:17,0
DA:19,0
DA:20,0
DA:21,0
DA:22,0
DA:23,0
DA:24,0
DA:25,0
LF:20
LH:0
BRDA:1,0,0,1
BRF:1
BRH:1
end_of_record
